2023-02-05 16:10:17   Arguments: Namespace(Ensembel=False, aggregation='netvlad', aggregation2='netvlad', backbone='resnet18conv4', brightness=0, cache_refresh_rate=1000, contrast=0, criterion='triplet', dataset_name='pitts30k', datasets_folder='/content/drive/MyDrive/MLDL/datasets_vg', device='cuda', efficient_ram_testing=False, epochs_num=10, fc_output_dim=None, freeze_te=None, horizontal_flip=False, hue=0, infer_batch_size=16, l2='before_pool', lr=0.0001, lr_crn_layer=0.005, lr_crn_net=0.0005, majority_weight=0.01, margin=0.1, mining='partial', neg_samples_num=1000, negs_num_per_query=10, netvlad_clusters=64, num_workers=2, off_the_shelf='imagenet', optim='AdamW', patience=3, pca_dataset_folder=None, pca_dim=None, pretrain='imagenet', queries_per_epoch=5000, rand_perspective=0, random_resized_crop=0, random_rotation=0, recall_values=[1, 5, 10, 20], resize=[480, 640], resume=None, resume2=None, saturation=0, save_dir='/content/drive/MyDrive/MLDL/results/AdamW4/2023-02-05_16-10-17', seed=0, test_method='hard_resize', train_batch_size=4, train_positives_dist_threshold=10, trunc_te=None, val_positive_dist_threshold=25, weight_decay=0.1)
2023-02-05 16:10:17   The outputs are being saved in /content/drive/MyDrive/MLDL/results/AdamW4/2023-02-05_16-10-17
2023-02-05 16:10:17   Using 1 GPUs and 2 CPUs
2023-02-05 16:10:17   Loading dataset pitts30k from folder /content/drive/MyDrive/MLDL/datasets_vg
2023-02-05 16:12:34   There are 96 queries without any positives within the training set. They won't be considered as they're useless for training.
2023-02-05 16:12:34   Train query set: < TripletsDataset, pitts30k - #database: 10000; #queries: 7320 >
2023-02-05 16:14:30   Val set: < BaseDataset, pitts30k - #database: 10000; #queries: 7608 >
2023-02-05 16:16:22   Test set: < BaseDataset, pitts30k - #database: 10000; #queries: 6816 >
2023-02-05 16:16:23   Train only conv4_x of the resnetresnet18 (remove conv5_x), freeze the previous ones
2023-02-05 16:16:29   Extracting features to initialize NetVLAD layer
2023-02-05 16:17:41   NetVLAD centroids shape: (64, 256)
2023-02-05 16:17:41   Output dimension of the model is 16384, with 17.27 GFLOPs
2023-02-05 16:17:41   Start training epoch: 00
2023-02-05 16:17:41   Cache: 0 / 5
2023-02-05 16:35:24   Epoch[00](0/5): current batch triplet loss = 0.0104, average epoch triplet loss = 0.0182
2023-02-05 16:35:24   Cache: 1 / 5
2023-02-05 16:43:49   Epoch[00](1/5): current batch triplet loss = 0.0020, average epoch triplet loss = 0.0163
2023-02-05 16:43:49   Cache: 2 / 5
2023-02-05 16:51:52   Epoch[00](2/5): current batch triplet loss = 0.0094, average epoch triplet loss = 0.0149
2023-02-05 16:51:52   Cache: 3 / 5
2023-02-05 16:59:41   Epoch[00](3/5): current batch triplet loss = 0.0249, average epoch triplet loss = 0.0138
2023-02-05 16:59:41   Cache: 4 / 5
2023-02-05 17:07:09   Epoch[00](4/5): current batch triplet loss = 0.0000, average epoch triplet loss = 0.0127
2023-02-05 17:07:09   Finished epoch 00 in 0:49:27, average epoch triplet loss = 0.0127
2023-02-05 17:07:09   Extracting database features for evaluation/testing
2023-02-05 17:32:23   Extracting queries features for evaluation/testing
2023-02-05 17:48:09   Calculating recalls
2023-02-05 17:48:49   Recalls on val set < BaseDataset, pitts30k - #database: 10000; #queries: 7608 >: R@1: 86.3, R@5: 95.2, R@10: 96.9, R@20: 98.1
2023-02-05 17:48:50   Improved: previous best R@5 = 0.0, current R@5 = 95.2
2023-02-05 17:48:50   Start training epoch: 01
2023-02-05 17:48:50   Cache: 0 / 5
2023-02-05 17:56:01   Epoch[01](0/5): current batch triplet loss = 0.0089, average epoch triplet loss = 0.0079
2023-02-05 17:56:01   Cache: 1 / 5
2023-02-05 18:02:58   Epoch[01](1/5): current batch triplet loss = 0.0031, average epoch triplet loss = 0.0077
2023-02-05 18:02:58   Cache: 2 / 5
2023-02-05 18:09:53   Epoch[01](2/5): current batch triplet loss = 0.0072, average epoch triplet loss = 0.0075
2023-02-05 18:09:53   Cache: 3 / 5
2023-02-05 18:16:34   Epoch[01](3/5): current batch triplet loss = 0.0002, average epoch triplet loss = 0.0070
2023-02-05 18:16:34   Cache: 4 / 5
2023-02-05 18:23:02   Epoch[01](4/5): current batch triplet loss = 0.0034, average epoch triplet loss = 0.0065
2023-02-05 18:23:02   Finished epoch 01 in 0:34:12, average epoch triplet loss = 0.0065
2023-02-05 18:23:02   Extracting database features for evaluation/testing
2023-02-05 18:25:45   Extracting queries features for evaluation/testing
2023-02-05 18:27:47   Calculating recalls
2023-02-05 18:28:24   Recalls on val set < BaseDataset, pitts30k - #database: 10000; #queries: 7608 >: R@1: 86.7, R@5: 95.6, R@10: 97.1, R@20: 98.2
2023-02-05 18:28:24   Improved: previous best R@5 = 95.2, current R@5 = 95.6
2023-02-05 18:28:24   Start training epoch: 02
2023-02-05 18:28:24   Cache: 0 / 5
2023-02-05 18:34:45   Epoch[02](0/5): current batch triplet loss = 0.0039, average epoch triplet loss = 0.0053
2023-02-05 18:34:45   Cache: 1 / 5
2023-02-05 18:41:00   Epoch[02](1/5): current batch triplet loss = 0.0000, average epoch triplet loss = 0.0050
2023-02-05 18:41:00   Cache: 2 / 5
2023-02-05 18:47:07   Epoch[02](2/5): current batch triplet loss = 0.0019, average epoch triplet loss = 0.0048
2023-02-05 18:47:07   Cache: 3 / 5
2023-02-05 18:53:11   Epoch[02](3/5): current batch triplet loss = 0.0000, average epoch triplet loss = 0.0044
2023-02-05 18:53:11   Cache: 4 / 5
2023-02-05 18:59:23   Epoch[02](4/5): current batch triplet loss = 0.0036, average epoch triplet loss = 0.0043
2023-02-05 18:59:23   Finished epoch 02 in 0:30:59, average epoch triplet loss = 0.0043
2023-02-05 18:59:23   Extracting database features for evaluation/testing
2023-02-05 19:02:11   Extracting queries features for evaluation/testing
2023-02-05 19:04:15   Calculating recalls
2023-02-05 19:04:54   Recalls on val set < BaseDataset, pitts30k - #database: 10000; #queries: 7608 >: R@1: 87.3, R@5: 95.6, R@10: 97.0, R@20: 98.2
2023-02-05 19:04:54   Not improved: 1 / 3: best R@5 = 95.6, current R@5 = 95.6
2023-02-05 19:04:54   Start training epoch: 03
2023-02-05 19:04:54   Cache: 0 / 5
2023-02-05 19:11:03   Epoch[03](0/5): current batch triplet loss = 0.0046, average epoch triplet loss = 0.0032
2023-02-05 19:11:03   Cache: 1 / 5
2023-02-05 19:17:06   Epoch[03](1/5): current batch triplet loss = 0.0000, average epoch triplet loss = 0.0033
2023-02-05 19:17:06   Cache: 2 / 5
2023-02-05 19:23:07   Epoch[03](2/5): current batch triplet loss = 0.0000, average epoch triplet loss = 0.0032
2023-02-05 19:23:07   Cache: 3 / 5
2023-02-05 19:29:07   Epoch[03](3/5): current batch triplet loss = 0.0091, average epoch triplet loss = 0.0030
2023-02-05 19:29:07   Cache: 4 / 5
2023-02-05 19:35:00   Epoch[03](4/5): current batch triplet loss = 0.0019, average epoch triplet loss = 0.0029
2023-02-05 19:35:00   Finished epoch 03 in 0:30:06, average epoch triplet loss = 0.0029
2023-02-05 19:35:00   Extracting database features for evaluation/testing
2023-02-05 19:37:44   Extracting queries features for evaluation/testing
2023-02-05 19:39:51   Calculating recalls
2023-02-05 19:40:28   Recalls on val set < BaseDataset, pitts30k - #database: 10000; #queries: 7608 >: R@1: 87.0, R@5: 95.7, R@10: 97.4, R@20: 98.3
2023-02-05 19:40:28   Improved: previous best R@5 = 95.6, current R@5 = 95.7
2023-02-05 19:40:28   Start training epoch: 04
2023-02-05 19:40:28   Cache: 0 / 5
2023-02-05 19:46:25   Epoch[04](0/5): current batch triplet loss = 0.0000, average epoch triplet loss = 0.0025
2023-02-05 19:46:25   Cache: 1 / 5
2023-02-05 19:52:19   Epoch[04](1/5): current batch triplet loss = 0.0025, average epoch triplet loss = 0.0024
2023-02-05 19:52:19   Cache: 2 / 5
2023-02-05 19:58:12   Epoch[04](2/5): current batch triplet loss = 0.0042, average epoch triplet loss = 0.0022
2023-02-05 19:58:12   Cache: 3 / 5
2023-02-05 20:04:02   Epoch[04](3/5): current batch triplet loss = 0.0030, average epoch triplet loss = 0.0024
2023-02-05 20:04:02   Cache: 4 / 5
2023-02-05 20:09:53   Epoch[04](4/5): current batch triplet loss = 0.0000, average epoch triplet loss = 0.0023
2023-02-05 20:09:53   Finished epoch 04 in 0:29:24, average epoch triplet loss = 0.0023
2023-02-05 20:09:53   Extracting database features for evaluation/testing
2023-02-05 20:12:38   Extracting queries features for evaluation/testing
2023-02-05 20:14:43   Calculating recalls
2023-02-05 20:15:24   Recalls on val set < BaseDataset, pitts30k - #database: 10000; #queries: 7608 >: R@1: 86.8, R@5: 95.4, R@10: 97.4, R@20: 98.4
2023-02-05 20:15:24   Not improved: 1 / 3: best R@5 = 95.7, current R@5 = 95.4
2023-02-05 20:15:24   Start training epoch: 05
2023-02-05 20:15:24   Cache: 0 / 5
2023-02-05 20:21:14   Epoch[05](0/5): current batch triplet loss = 0.0049, average epoch triplet loss = 0.0018
2023-02-05 20:21:14   Cache: 1 / 5
2023-02-05 20:26:57   Epoch[05](1/5): current batch triplet loss = 0.0000, average epoch triplet loss = 0.0019
2023-02-05 20:26:57   Cache: 2 / 5
2023-02-05 20:32:48   Epoch[05](2/5): current batch triplet loss = 0.0001, average epoch triplet loss = 0.0019
2023-02-05 20:32:48   Cache: 3 / 5
2023-02-05 20:38:36   Epoch[05](3/5): current batch triplet loss = 0.0016, average epoch triplet loss = 0.0019
2023-02-05 20:38:36   Cache: 4 / 5
2023-02-05 20:44:26   Epoch[05](4/5): current batch triplet loss = 0.0006, average epoch triplet loss = 0.0018
2023-02-05 20:44:26   Finished epoch 05 in 0:29:02, average epoch triplet loss = 0.0018
2023-02-05 20:44:26   Extracting database features for evaluation/testing
2023-02-05 20:47:08   Extracting queries features for evaluation/testing
2023-02-05 20:49:13   Calculating recalls
2023-02-05 20:49:52   Recalls on val set < BaseDataset, pitts30k - #database: 10000; #queries: 7608 >: R@1: 86.7, R@5: 95.4, R@10: 97.2, R@20: 98.2
2023-02-05 20:49:52   Not improved: 2 / 3: best R@5 = 95.7, current R@5 = 95.4
2023-02-05 20:49:52   Start training epoch: 06
2023-02-05 20:49:52   Cache: 0 / 5
2023-02-05 20:55:37   Epoch[06](0/5): current batch triplet loss = 0.0000, average epoch triplet loss = 0.0021
2023-02-05 20:55:37   Cache: 1 / 5
2023-02-05 21:01:20   Epoch[06](1/5): current batch triplet loss = 0.0038, average epoch triplet loss = 0.0020
2023-02-05 21:01:20   Cache: 2 / 5
2023-02-05 21:07:06   Epoch[06](2/5): current batch triplet loss = 0.0000, average epoch triplet loss = 0.0019
2023-02-05 21:07:06   Cache: 3 / 5
2023-02-05 21:12:53   Epoch[06](3/5): current batch triplet loss = 0.0000, average epoch triplet loss = 0.0020
2023-02-05 21:12:53   Cache: 4 / 5
2023-02-05 21:18:38   Epoch[06](4/5): current batch triplet loss = 0.0003, average epoch triplet loss = 0.0020
2023-02-05 21:18:38   Finished epoch 06 in 0:28:45, average epoch triplet loss = 0.0020
2023-02-05 21:18:38   Extracting database features for evaluation/testing
2023-02-05 21:21:21   Extracting queries features for evaluation/testing
2023-02-05 21:23:26   Calculating recalls
2023-02-05 21:24:05   Recalls on val set < BaseDataset, pitts30k - #database: 10000; #queries: 7608 >: R@1: 86.9, R@5: 94.8, R@10: 96.8, R@20: 98.0
2023-02-05 21:24:05   Not improved: 3 / 3: best R@5 = 95.7, current R@5 = 94.8
2023-02-05 21:24:05   Performance did not improve for 3 epochs. Stop training.
2023-02-05 21:24:05   Best R@5: 95.7
2023-02-05 21:24:05   Trained for 07 epochs, in total in 5:13:47
2023-02-05 21:24:05   Extracting database features for evaluation/testing
2023-02-05 21:46:34   Extracting queries features for evaluation/testing
2023-02-05 22:00:42   Calculating recalls
2023-02-05 22:01:16   Recalls on < BaseDataset, pitts30k - #database: 10000; #queries: 6816 >: R@1: 84.1, R@5: 92.2, R@10: 94.4, R@20: 96.0
