2023-02-05 16:10:17   Arguments: Namespace(Ensembel=False, aggregation='netvlad', aggregation2='netvlad', backbone='resnet18conv4', brightness=0, cache_refresh_rate=1000, contrast=0, criterion='triplet', dataset_name='pitts30k', datasets_folder='/content/drive/MyDrive/MLDL/datasets_vg', device='cuda', efficient_ram_testing=False, epochs_num=10, fc_output_dim=None, freeze_te=None, horizontal_flip=False, hue=0, infer_batch_size=16, l2='before_pool', lr=0.0001, lr_crn_layer=0.005, lr_crn_net=0.0005, majority_weight=0.01, margin=0.1, mining='partial', neg_samples_num=1000, negs_num_per_query=10, netvlad_clusters=64, num_workers=2, off_the_shelf='imagenet', optim='AdamW', patience=3, pca_dataset_folder=None, pca_dim=None, pretrain='imagenet', queries_per_epoch=5000, rand_perspective=0, random_resized_crop=0, random_rotation=0, recall_values=[1, 5, 10, 20], resize=[480, 640], resume=None, resume2=None, saturation=0, save_dir='/content/drive/MyDrive/MLDL/results/AdamW4/2023-02-05_16-10-17', seed=0, test_method='hard_resize', train_batch_size=4, train_positives_dist_threshold=10, trunc_te=None, val_positive_dist_threshold=25, weight_decay=0.1)
2023-02-05 16:10:17   The outputs are being saved in /content/drive/MyDrive/MLDL/results/AdamW4/2023-02-05_16-10-17
2023-02-05 16:10:17   Using 1 GPUs and 2 CPUs
2023-02-05 16:12:34   There are 96 queries without any positives within the training set. They won't be considered as they're useless for training.
2023-02-05 16:12:34   Train query set: < TripletsDataset, pitts30k - #database: 10000; #queries: 7320 >
2023-02-05 16:14:30   Val set: < BaseDataset, pitts30k - #database: 10000; #queries: 7608 >
2023-02-05 16:16:22   Test set: < BaseDataset, pitts30k - #database: 10000; #queries: 6816 >
2023-02-05 16:17:41   Output dimension of the model is 16384, with 17.27 GFLOPs
2023-02-05 16:17:41   Start training epoch: 00
2023-02-05 17:07:09   Finished epoch 00 in 0:49:27, average epoch triplet loss = 0.0127
2023-02-05 17:48:49   Recalls on val set < BaseDataset, pitts30k - #database: 10000; #queries: 7608 >: R@1: 86.3, R@5: 95.2, R@10: 96.9, R@20: 98.1
2023-02-05 17:48:50   Improved: previous best R@5 = 0.0, current R@5 = 95.2
2023-02-05 17:48:50   Start training epoch: 01
2023-02-05 18:23:02   Finished epoch 01 in 0:34:12, average epoch triplet loss = 0.0065
2023-02-05 18:28:24   Recalls on val set < BaseDataset, pitts30k - #database: 10000; #queries: 7608 >: R@1: 86.7, R@5: 95.6, R@10: 97.1, R@20: 98.2
2023-02-05 18:28:24   Improved: previous best R@5 = 95.2, current R@5 = 95.6
2023-02-05 18:28:24   Start training epoch: 02
2023-02-05 18:59:23   Finished epoch 02 in 0:30:59, average epoch triplet loss = 0.0043
2023-02-05 19:04:54   Recalls on val set < BaseDataset, pitts30k - #database: 10000; #queries: 7608 >: R@1: 87.3, R@5: 95.6, R@10: 97.0, R@20: 98.2
2023-02-05 19:04:54   Not improved: 1 / 3: best R@5 = 95.6, current R@5 = 95.6
2023-02-05 19:04:54   Start training epoch: 03
2023-02-05 19:35:00   Finished epoch 03 in 0:30:06, average epoch triplet loss = 0.0029
2023-02-05 19:40:28   Recalls on val set < BaseDataset, pitts30k - #database: 10000; #queries: 7608 >: R@1: 87.0, R@5: 95.7, R@10: 97.4, R@20: 98.3
2023-02-05 19:40:28   Improved: previous best R@5 = 95.6, current R@5 = 95.7
2023-02-05 19:40:28   Start training epoch: 04
2023-02-05 20:09:53   Finished epoch 04 in 0:29:24, average epoch triplet loss = 0.0023
2023-02-05 20:15:24   Recalls on val set < BaseDataset, pitts30k - #database: 10000; #queries: 7608 >: R@1: 86.8, R@5: 95.4, R@10: 97.4, R@20: 98.4
2023-02-05 20:15:24   Not improved: 1 / 3: best R@5 = 95.7, current R@5 = 95.4
2023-02-05 20:15:24   Start training epoch: 05
2023-02-05 20:44:26   Finished epoch 05 in 0:29:02, average epoch triplet loss = 0.0018
2023-02-05 20:49:52   Recalls on val set < BaseDataset, pitts30k - #database: 10000; #queries: 7608 >: R@1: 86.7, R@5: 95.4, R@10: 97.2, R@20: 98.2
2023-02-05 20:49:52   Not improved: 2 / 3: best R@5 = 95.7, current R@5 = 95.4
2023-02-05 20:49:52   Start training epoch: 06
2023-02-05 21:18:38   Finished epoch 06 in 0:28:45, average epoch triplet loss = 0.0020
2023-02-05 21:24:05   Recalls on val set < BaseDataset, pitts30k - #database: 10000; #queries: 7608 >: R@1: 86.9, R@5: 94.8, R@10: 96.8, R@20: 98.0
2023-02-05 21:24:05   Not improved: 3 / 3: best R@5 = 95.7, current R@5 = 94.8
2023-02-05 21:24:05   Performance did not improve for 3 epochs. Stop training.
2023-02-05 21:24:05   Best R@5: 95.7
2023-02-05 21:24:05   Trained for 07 epochs, in total in 5:13:47
2023-02-05 22:01:16   Recalls on < BaseDataset, pitts30k - #database: 10000; #queries: 6816 >: R@1: 84.1, R@5: 92.2, R@10: 94.4, R@20: 96.0
