2023-01-12 18:31:07   Arguments: Namespace(aggregation='netvlad', backbone='resnet18conv4', brightness=0, brightness_factor_max=0.9, brightness_factor_min=0.3, cache_refresh_rate=1000, contrast=0, criterion='triplet', dataset_name='pitts30k', datasets_folder='/content/drive/MyDrive/MLDL/datasets_vg', device='cuda', efficient_ram_testing=False, epochs_num=11, fc_output_dim=None, freeze_te=None, horizontal_flip=False, hue=0, infer_batch_size=16, l2='before_pool', lr=1e-05, lr_crn_layer=0.005, lr_crn_net=0.0005, majority_weight=0.01, margin=0.1, mining='partial', neg_samples_num=1000, negs_num_per_query=10, netvlad_clusters=64, num_workers=2, off_the_shelf='imagenet', optim='adam', patience=3, pca_dataset_folder=None, pca_dim=None, pretrain='imagenet', queries_per_epoch=5000, rand_perspective=0, random_resized_crop=0, random_rotation=0, recall_values=[1, 5, 10, 20], resize=[480, 640], resume='/content/drive/MyDrive/MLDL/results/base_netvlad/resume_training/2023-01-12_09-09-47/best_model.pth', saturation=0, save_dir='/content/drive/MyDrive/MLDL/results/netvlad_aug_data/expri2/2023-01-12_18-31-06', seed=0, test_method='hard_resize', train_batch_size=4, train_positives_dist_threshold=10, trunc_te=None, val_positive_dist_threshold=25)
2023-01-12 18:31:07   The outputs are being saved in /content/drive/MyDrive/MLDL/results/netvlad_aug_data/expri2/2023-01-12_18-31-06
2023-01-12 18:31:07   Using 1 GPUs and 2 CPUs
2023-01-12 18:31:07   Loading dataset pitts30k from folder /content/drive/MyDrive/MLDL/datasets_vg
2023-01-12 18:32:28   There are 96 queries without any positives within the training set. They won't be considered as they're useless for training.
2023-01-12 18:32:28   Train query set: < TripletsDataset, pitts30k - #database: 10000; #queries: 7320 >
2023-01-12 18:33:30   Val set: < BaseDataset, pitts30k - #database: 10000; #queries: 7608 >
2023-01-12 18:34:30   Test set: < BaseDataset, pitts30k - #database: 10000; #queries: 6816 >
2023-01-12 18:34:31   Train only conv4_x of the resnetresnet18 (remove conv5_x), freeze the previous ones
2023-01-12 18:34:38   Loading checkpoint: /content/drive/MyDrive/MLDL/results/base_netvlad/resume_training/2023-01-12_09-09-47/best_model.pth
2023-01-12 18:34:39   Loaded checkpoint: start_epoch_num = 6, current_best_R@5 = 96.0
2023-01-12 18:34:39   Resuming from epoch 6 with best recall@5 96.0
2023-01-12 18:34:46   Output dimension of the model is 16384, with 17.33 GFLOPs
2023-01-12 18:34:46   Start training epoch: 06
2023-01-12 18:34:46   Cache: 0 / 5
2023-01-12 18:53:04   Epoch[06](0/5): current batch triplet loss = 0.0343, average epoch triplet loss = 0.0559
2023-01-12 18:53:04   Cache: 1 / 5
2023-01-12 19:01:03   Epoch[06](1/5): current batch triplet loss = 0.0305, average epoch triplet loss = 0.0518
2023-01-12 19:01:03   Cache: 2 / 5
2023-01-12 19:08:48   Epoch[06](2/5): current batch triplet loss = 0.0316, average epoch triplet loss = 0.0489
2023-01-12 19:08:48   Cache: 3 / 5
2023-01-12 19:16:48   Epoch[06](3/5): current batch triplet loss = 0.0488, average epoch triplet loss = 0.0471
2023-01-12 19:16:48   Cache: 4 / 5
2023-01-12 19:24:03   Epoch[06](4/5): current batch triplet loss = 0.0287, average epoch triplet loss = 0.0457
2023-01-12 19:24:03   Finished epoch 06 in 0:49:16, average epoch triplet loss = 0.0457
2023-01-12 19:24:03   Extracting database features for evaluation/testing
2023-01-12 19:50:21   Extracting queries features for evaluation/testing
2023-01-12 20:05:04   Calculating recalls
2023-01-12 20:05:37   Recalls on val set < BaseDataset, pitts30k - #database: 10000; #queries: 7608 >: R@1: 88.0, R@5: 95.6, R@10: 97.3, R@20: 98.3
2023-01-12 20:05:38   Not improved: 2 / 3: best R@5 = 96.0, current R@5 = 95.6
2023-01-12 20:05:38   Start training epoch: 07
2023-01-12 20:05:38   Cache: 0 / 5
2023-01-12 20:13:12   Epoch[07](0/5): current batch triplet loss = 0.0164, average epoch triplet loss = 0.0350
2023-01-12 20:13:12   Cache: 1 / 5
2023-01-12 20:20:49   Epoch[07](1/5): current batch triplet loss = 0.0195, average epoch triplet loss = 0.0337
2023-01-12 20:20:49   Cache: 2 / 5
2023-01-12 20:28:24   Epoch[07](2/5): current batch triplet loss = 0.0145, average epoch triplet loss = 0.0349
2023-01-12 20:28:24   Cache: 3 / 5
2023-01-12 20:35:58   Epoch[07](3/5): current batch triplet loss = 0.0202, average epoch triplet loss = 0.0344
2023-01-12 20:35:58   Cache: 4 / 5
2023-01-12 20:43:10   Epoch[07](4/5): current batch triplet loss = 0.0360, average epoch triplet loss = 0.0341
2023-01-12 20:43:10   Finished epoch 07 in 0:37:32, average epoch triplet loss = 0.0341
2023-01-12 20:43:10   Extracting database features for evaluation/testing
2023-01-12 20:45:55   Extracting queries features for evaluation/testing
2023-01-12 20:48:01   Calculating recalls
2023-01-12 20:48:35   Recalls on val set < BaseDataset, pitts30k - #database: 10000; #queries: 7608 >: R@1: 87.7, R@5: 95.5, R@10: 97.2, R@20: 98.2
2023-01-12 20:48:35   Not improved: 3 / 3: best R@5 = 96.0, current R@5 = 95.5
2023-01-12 20:48:35   Performance did not improve for 3 epochs. Stop training.
2023-01-12 20:48:35   Best R@5: 96.0
2023-01-12 20:48:35   Trained for 08 epochs, in total in 2:17:28
2023-01-12 20:48:35   
Traceback (most recent call last):
  File "train.py", line 213, in <module>
    best_model_state_dict = torch.load(join(args.save_dir, "best_model.pth"))["model_state_dict"]
  File "/usr/local/lib/python3.8/dist-packages/torch/serialization.py", line 771, in load
    with _open_file_like(f, 'rb') as opened_file:
  File "/usr/local/lib/python3.8/dist-packages/torch/serialization.py", line 270, in _open_file_like
    return _open_file(name_or_buffer, mode)
  File "/usr/local/lib/python3.8/dist-packages/torch/serialization.py", line 251, in __init__
    super(_open_file, self).__init__(open(name, mode))
FileNotFoundError: [Errno 2] No such file or directory: '/content/drive/MyDrive/MLDL/results/netvlad_aug_data/expri2/2023-01-12_18-31-06/best_model.pth'

