2023-02-06 15:10:27   Arguments: Namespace(Ensembel=False, aggregation='netvlad', aggregation2='netvlad', backbone='resnet18conv4', brightness=0, cache_refresh_rate=1000, contrast=0, criterion='triplet', dataset_name='pitts30k', datasets_folder='/content/drive/MyDrive/MLDL/datasets_vg', device='cuda', efficient_ram_testing=False, epochs_num=10, fc_output_dim=None, freeze_te=None, horizontal_flip=False, hue=0, infer_batch_size=16, l2='before_pool', lr=0.0001, lr_crn_layer=0.005, lr_crn_net=0.0005, majority_weight=0.01, margin=0.1, mining='partial', neg_samples_num=1000, negs_num_per_query=10, netvlad_clusters=64, num_workers=2, off_the_shelf='imagenet', optim='AdamW', patience=3, pca_dataset_folder=None, pca_dim=None, pretrain='imagenet', queries_per_epoch=5000, rand_perspective=0, random_resized_crop=0, random_rotation=0, recall_values=[1, 5, 10, 20], resize=[480, 640], resume=None, resume2=None, saturation=0, save_dir='/content/drive/MyDrive/MLDL/results/AdamW4/2023-02-06_15-10-24', seed=0, test_method='hard_resize', train_batch_size=4, train_positives_dist_threshold=10, trunc_te=None, val_positive_dist_threshold=25, weight_decay=0.3)
2023-02-06 15:10:27   The outputs are being saved in /content/drive/MyDrive/MLDL/results/AdamW4/2023-02-06_15-10-24
2023-02-06 15:10:27   Using 1 GPUs and 2 CPUs
2023-02-06 15:10:27   Loading dataset pitts30k from folder /content/drive/MyDrive/MLDL/datasets_vg
2023-02-06 15:12:49   There are 96 queries without any positives within the training set. They won't be considered as they're useless for training.
2023-02-06 15:12:49   Train query set: < TripletsDataset, pitts30k - #database: 10000; #queries: 7320 >
2023-02-06 15:14:39   Val set: < BaseDataset, pitts30k - #database: 10000; #queries: 7608 >
2023-02-06 15:16:27   Test set: < BaseDataset, pitts30k - #database: 10000; #queries: 6816 >
2023-02-06 15:16:28   Train only conv4_x of the resnetresnet18 (remove conv5_x), freeze the previous ones
2023-02-06 15:16:34   Extracting features to initialize NetVLAD layer
2023-02-06 15:19:59   NetVLAD centroids shape: (64, 256)
2023-02-06 15:19:59   Output dimension of the model is 16384, with 17.27 GFLOPs
2023-02-06 15:19:59   Start training epoch: 00
2023-02-06 15:19:59   Cache: 0 / 5
2023-02-06 15:56:05   Epoch[00](0/5): current batch triplet loss = 0.0094, average epoch triplet loss = 0.0182
2023-02-06 15:56:05   Cache: 1 / 5
2023-02-06 16:11:26   Epoch[00](1/5): current batch triplet loss = 0.0032, average epoch triplet loss = 0.0161
2023-02-06 16:11:26   Cache: 2 / 5
2023-02-06 16:25:10   Epoch[00](2/5): current batch triplet loss = 0.0108, average epoch triplet loss = 0.0149
2023-02-06 16:25:10   Cache: 3 / 5
2023-02-06 16:38:11   Epoch[00](3/5): current batch triplet loss = 0.0242, average epoch triplet loss = 0.0138
2023-02-06 16:38:11   Cache: 4 / 5
2023-02-06 16:49:44   Epoch[00](4/5): current batch triplet loss = 0.0004, average epoch triplet loss = 0.0127
2023-02-06 16:49:44   Finished epoch 00 in 1:29:44, average epoch triplet loss = 0.0127
2023-02-06 16:49:44   Extracting database features for evaluation/testing
2023-02-06 17:46:08   Extracting queries features for evaluation/testing
2023-02-06 18:41:57   Calculating recalls
2023-02-06 18:42:37   Recalls on val set < BaseDataset, pitts30k - #database: 10000; #queries: 7608 >: R@1: 86.6, R@5: 95.0, R@10: 97.1, R@20: 98.1
2023-02-06 18:42:37   Improved: previous best R@5 = 0.0, current R@5 = 95.0
2023-02-06 18:42:37   Start training epoch: 01
2023-02-06 18:42:37   Cache: 0 / 5
2023-02-06 18:53:38   Epoch[01](0/5): current batch triplet loss = 0.0118, average epoch triplet loss = 0.0079
2023-02-06 18:53:38   Cache: 1 / 5
2023-02-06 19:04:05   Epoch[01](1/5): current batch triplet loss = 0.0011, average epoch triplet loss = 0.0077
2023-02-06 19:04:05   Cache: 2 / 5
2023-02-06 19:14:09   Epoch[01](2/5): current batch triplet loss = 0.0050, average epoch triplet loss = 0.0072
2023-02-06 19:14:09   Cache: 3 / 5
2023-02-06 19:23:30   Epoch[01](3/5): current batch triplet loss = 0.0003, average epoch triplet loss = 0.0068
2023-02-06 19:23:30   Cache: 4 / 5
2023-02-06 19:32:12   Epoch[01](4/5): current batch triplet loss = 0.0118, average epoch triplet loss = 0.0064
2023-02-06 19:32:12   Finished epoch 01 in 0:49:35, average epoch triplet loss = 0.0064
2023-02-06 19:32:12   Extracting database features for evaluation/testing
2023-02-06 19:34:50   Extracting queries features for evaluation/testing
2023-02-06 19:36:49   Calculating recalls
2023-02-06 19:37:26   Recalls on val set < BaseDataset, pitts30k - #database: 10000; #queries: 7608 >: R@1: 86.8, R@5: 95.1, R@10: 97.2, R@20: 98.3
2023-02-06 19:37:27   Improved: previous best R@5 = 95.0, current R@5 = 95.1
2023-02-06 19:37:27   Start training epoch: 02
2023-02-06 19:37:27   Cache: 0 / 5
2023-02-06 19:45:49   Epoch[02](0/5): current batch triplet loss = 0.0028, average epoch triplet loss = 0.0052
2023-02-06 19:45:49   Cache: 1 / 5
2023-02-06 19:53:51   Epoch[02](1/5): current batch triplet loss = 0.0000, average epoch triplet loss = 0.0049
2023-02-06 19:53:51   Cache: 2 / 5
2023-02-06 20:01:26   Epoch[02](2/5): current batch triplet loss = 0.0004, average epoch triplet loss = 0.0047
2023-02-06 20:01:26   Cache: 3 / 5
2023-02-06 20:08:53   Epoch[02](3/5): current batch triplet loss = 0.0000, average epoch triplet loss = 0.0045
2023-02-06 20:08:53   Cache: 4 / 5
2023-02-06 20:16:21   Epoch[02](4/5): current batch triplet loss = 0.0016, average epoch triplet loss = 0.0043
2023-02-06 20:16:21   Finished epoch 02 in 0:38:54, average epoch triplet loss = 0.0043
2023-02-06 20:16:21   Extracting database features for evaluation/testing
2023-02-06 20:19:00   Extracting queries features for evaluation/testing
2023-02-06 20:21:01   Calculating recalls
2023-02-06 20:21:40   Recalls on val set < BaseDataset, pitts30k - #database: 10000; #queries: 7608 >: R@1: 86.7, R@5: 94.8, R@10: 96.5, R@20: 97.9
2023-02-06 20:21:41   Not improved: 1 / 3: best R@5 = 95.1, current R@5 = 94.8
2023-02-06 20:21:41   Start training epoch: 03
2023-02-06 20:21:41   Cache: 0 / 5
2023-02-06 20:28:48   Epoch[03](0/5): current batch triplet loss = 0.0036, average epoch triplet loss = 0.0032
2023-02-06 20:28:48   Cache: 1 / 5
2023-02-06 20:35:46   Epoch[03](1/5): current batch triplet loss = 0.0000, average epoch triplet loss = 0.0032
2023-02-06 20:35:46   Cache: 2 / 5
2023-02-06 20:42:25   Epoch[03](2/5): current batch triplet loss = 0.0000, average epoch triplet loss = 0.0033
2023-02-06 20:42:25   Cache: 3 / 5
2023-02-06 20:49:08   Epoch[03](3/5): current batch triplet loss = 0.0040, average epoch triplet loss = 0.0032
2023-02-06 20:49:08   Cache: 4 / 5
2023-02-06 20:55:42   Epoch[03](4/5): current batch triplet loss = 0.0031, average epoch triplet loss = 0.0030
2023-02-06 20:55:42   Finished epoch 03 in 0:34:01, average epoch triplet loss = 0.0030
2023-02-06 20:55:42   Extracting database features for evaluation/testing
2023-02-06 20:58:23   Extracting queries features for evaluation/testing
2023-02-06 21:00:24   Calculating recalls
2023-02-06 21:01:04   Recalls on val set < BaseDataset, pitts30k - #database: 10000; #queries: 7608 >: R@1: 87.0, R@5: 95.4, R@10: 97.0, R@20: 98.0
2023-02-06 21:01:04   Improved: previous best R@5 = 95.1, current R@5 = 95.4
2023-02-06 21:01:04   Start training epoch: 04
2023-02-06 21:01:04   Cache: 0 / 5
2023-02-06 21:07:33   Epoch[04](0/5): current batch triplet loss = 0.0004, average epoch triplet loss = 0.0029
2023-02-06 21:07:33   Cache: 1 / 5
2023-02-06 21:13:52   Epoch[04](1/5): current batch triplet loss = 0.0025, average epoch triplet loss = 0.0027
2023-02-06 21:13:52   Cache: 2 / 5
2023-02-06 21:19:56   Epoch[04](2/5): current batch triplet loss = 0.0031, average epoch triplet loss = 0.0025
2023-02-06 21:19:56   Cache: 3 / 5
2023-02-06 21:26:02   Epoch[04](3/5): current batch triplet loss = 0.0027, average epoch triplet loss = 0.0025
2023-02-06 21:26:02   Cache: 4 / 5
2023-02-06 21:31:59   Epoch[04](4/5): current batch triplet loss = 0.0010, average epoch triplet loss = 0.0025
2023-02-06 21:31:59   Finished epoch 04 in 0:30:54, average epoch triplet loss = 0.0025
2023-02-06 21:31:59   Extracting database features for evaluation/testing
2023-02-06 21:34:36   Extracting queries features for evaluation/testing
2023-02-06 21:36:38   Calculating recalls
2023-02-06 21:37:16   Recalls on val set < BaseDataset, pitts30k - #database: 10000; #queries: 7608 >: R@1: 87.2, R@5: 95.4, R@10: 96.8, R@20: 98.0
2023-02-06 21:37:16   Not improved: 1 / 3: best R@5 = 95.4, current R@5 = 95.4
2023-02-06 21:37:16   Start training epoch: 05
2023-02-06 21:37:16   Cache: 0 / 5
2023-02-06 21:43:21   Epoch[05](0/5): current batch triplet loss = 0.0037, average epoch triplet loss = 0.0023
2023-02-06 21:43:21   Cache: 1 / 5
2023-02-06 21:49:21   Epoch[05](1/5): current batch triplet loss = 0.0001, average epoch triplet loss = 0.0021
2023-02-06 21:49:21   Cache: 2 / 5
2023-02-06 21:55:25   Epoch[05](2/5): current batch triplet loss = 0.0040, average epoch triplet loss = 0.0021
2023-02-06 21:55:25   Cache: 3 / 5
2023-02-06 22:01:31   Epoch[05](3/5): current batch triplet loss = 0.0006, average epoch triplet loss = 0.0021
2023-02-06 22:01:31   Cache: 4 / 5
2023-02-06 22:07:33   Epoch[05](4/5): current batch triplet loss = 0.0003, average epoch triplet loss = 0.0020
2023-02-06 22:07:33   Finished epoch 05 in 0:30:16, average epoch triplet loss = 0.0020
2023-02-06 22:07:33   Extracting database features for evaluation/testing
2023-02-06 22:10:14   Extracting queries features for evaluation/testing
2023-02-06 22:12:16   Calculating recalls
2023-02-06 22:12:57   Recalls on val set < BaseDataset, pitts30k - #database: 10000; #queries: 7608 >: R@1: 87.4, R@5: 95.3, R@10: 96.8, R@20: 98.2
2023-02-06 22:12:57   Not improved: 2 / 3: best R@5 = 95.4, current R@5 = 95.3
2023-02-06 22:12:57   Start training epoch: 06
2023-02-06 22:12:57   Cache: 0 / 5
2023-02-06 22:18:54   Epoch[06](0/5): current batch triplet loss = 0.0000, average epoch triplet loss = 0.0022
2023-02-06 22:18:54   Cache: 1 / 5
2023-02-06 22:24:45   Epoch[06](1/5): current batch triplet loss = 0.0044, average epoch triplet loss = 0.0022
2023-02-06 22:24:45   Cache: 2 / 5
2023-02-06 22:30:33   Epoch[06](2/5): current batch triplet loss = 0.0000, average epoch triplet loss = 0.0021
2023-02-06 22:30:33   Cache: 3 / 5
2023-02-06 22:36:26   Epoch[06](3/5): current batch triplet loss = 0.0000, average epoch triplet loss = 0.0021
2023-02-06 22:36:26   Cache: 4 / 5
2023-02-06 22:42:09   Epoch[06](4/5): current batch triplet loss = 0.0038, average epoch triplet loss = 0.0021
2023-02-06 22:42:09   Finished epoch 06 in 0:29:12, average epoch triplet loss = 0.0021
2023-02-06 22:42:09   Extracting database features for evaluation/testing
2023-02-06 22:44:49   Extracting queries features for evaluation/testing
2023-02-06 22:46:50   Calculating recalls
2023-02-06 22:47:26   Recalls on val set < BaseDataset, pitts30k - #database: 10000; #queries: 7608 >: R@1: 85.6, R@5: 94.4, R@10: 96.4, R@20: 97.9
2023-02-06 22:47:26   Not improved: 3 / 3: best R@5 = 95.4, current R@5 = 94.4
2023-02-06 22:47:26   Performance did not improve for 3 epochs. Stop training.
2023-02-06 22:47:26   Best R@5: 95.4
2023-02-06 22:47:26   Trained for 07 epochs, in total in 7:37:02
2023-02-06 22:47:27   Extracting database features for evaluation/testing
2023-02-06 23:46:46   Extracting queries features for evaluation/testing
2023-02-07 00:35:42   Calculating recalls
2023-02-07 00:36:18   Recalls on < BaseDataset, pitts30k - #database: 10000; #queries: 6816 >: R@1: 84.8, R@5: 92.3, R@10: 94.4, R@20: 96.0
