2023-02-06 15:10:27   Arguments: Namespace(Ensembel=False, aggregation='netvlad', aggregation2='netvlad', backbone='resnet18conv4', brightness=0, cache_refresh_rate=1000, contrast=0, criterion='triplet', dataset_name='pitts30k', datasets_folder='/content/drive/MyDrive/MLDL/datasets_vg', device='cuda', efficient_ram_testing=False, epochs_num=10, fc_output_dim=None, freeze_te=None, horizontal_flip=False, hue=0, infer_batch_size=16, l2='before_pool', lr=0.0001, lr_crn_layer=0.005, lr_crn_net=0.0005, majority_weight=0.01, margin=0.1, mining='partial', neg_samples_num=1000, negs_num_per_query=10, netvlad_clusters=64, num_workers=2, off_the_shelf='imagenet', optim='AdamW', patience=3, pca_dataset_folder=None, pca_dim=None, pretrain='imagenet', queries_per_epoch=5000, rand_perspective=0, random_resized_crop=0, random_rotation=0, recall_values=[1, 5, 10, 20], resize=[480, 640], resume=None, resume2=None, saturation=0, save_dir='/content/drive/MyDrive/MLDL/results/AdamW4/2023-02-06_15-10-24', seed=0, test_method='hard_resize', train_batch_size=4, train_positives_dist_threshold=10, trunc_te=None, val_positive_dist_threshold=25, weight_decay=0.3)
2023-02-06 15:10:27   The outputs are being saved in /content/drive/MyDrive/MLDL/results/AdamW4/2023-02-06_15-10-24
2023-02-06 15:10:27   Using 1 GPUs and 2 CPUs
2023-02-06 15:12:49   There are 96 queries without any positives within the training set. They won't be considered as they're useless for training.
2023-02-06 15:12:49   Train query set: < TripletsDataset, pitts30k - #database: 10000; #queries: 7320 >
2023-02-06 15:14:39   Val set: < BaseDataset, pitts30k - #database: 10000; #queries: 7608 >
2023-02-06 15:16:27   Test set: < BaseDataset, pitts30k - #database: 10000; #queries: 6816 >
2023-02-06 15:19:59   Output dimension of the model is 16384, with 17.27 GFLOPs
2023-02-06 15:19:59   Start training epoch: 00
2023-02-06 16:49:44   Finished epoch 00 in 1:29:44, average epoch triplet loss = 0.0127
2023-02-06 18:42:37   Recalls on val set < BaseDataset, pitts30k - #database: 10000; #queries: 7608 >: R@1: 86.6, R@5: 95.0, R@10: 97.1, R@20: 98.1
2023-02-06 18:42:37   Improved: previous best R@5 = 0.0, current R@5 = 95.0
2023-02-06 18:42:37   Start training epoch: 01
2023-02-06 19:32:12   Finished epoch 01 in 0:49:35, average epoch triplet loss = 0.0064
2023-02-06 19:37:26   Recalls on val set < BaseDataset, pitts30k - #database: 10000; #queries: 7608 >: R@1: 86.8, R@5: 95.1, R@10: 97.2, R@20: 98.3
2023-02-06 19:37:27   Improved: previous best R@5 = 95.0, current R@5 = 95.1
2023-02-06 19:37:27   Start training epoch: 02
2023-02-06 20:16:21   Finished epoch 02 in 0:38:54, average epoch triplet loss = 0.0043
2023-02-06 20:21:40   Recalls on val set < BaseDataset, pitts30k - #database: 10000; #queries: 7608 >: R@1: 86.7, R@5: 94.8, R@10: 96.5, R@20: 97.9
2023-02-06 20:21:41   Not improved: 1 / 3: best R@5 = 95.1, current R@5 = 94.8
2023-02-06 20:21:41   Start training epoch: 03
2023-02-06 20:55:42   Finished epoch 03 in 0:34:01, average epoch triplet loss = 0.0030
2023-02-06 21:01:04   Recalls on val set < BaseDataset, pitts30k - #database: 10000; #queries: 7608 >: R@1: 87.0, R@5: 95.4, R@10: 97.0, R@20: 98.0
2023-02-06 21:01:04   Improved: previous best R@5 = 95.1, current R@5 = 95.4
2023-02-06 21:01:04   Start training epoch: 04
2023-02-06 21:31:59   Finished epoch 04 in 0:30:54, average epoch triplet loss = 0.0025
2023-02-06 21:37:16   Recalls on val set < BaseDataset, pitts30k - #database: 10000; #queries: 7608 >: R@1: 87.2, R@5: 95.4, R@10: 96.8, R@20: 98.0
2023-02-06 21:37:16   Not improved: 1 / 3: best R@5 = 95.4, current R@5 = 95.4
2023-02-06 21:37:16   Start training epoch: 05
2023-02-06 22:07:33   Finished epoch 05 in 0:30:16, average epoch triplet loss = 0.0020
2023-02-06 22:12:57   Recalls on val set < BaseDataset, pitts30k - #database: 10000; #queries: 7608 >: R@1: 87.4, R@5: 95.3, R@10: 96.8, R@20: 98.2
2023-02-06 22:12:57   Not improved: 2 / 3: best R@5 = 95.4, current R@5 = 95.3
2023-02-06 22:12:57   Start training epoch: 06
2023-02-06 22:42:09   Finished epoch 06 in 0:29:12, average epoch triplet loss = 0.0021
2023-02-06 22:47:26   Recalls on val set < BaseDataset, pitts30k - #database: 10000; #queries: 7608 >: R@1: 85.6, R@5: 94.4, R@10: 96.4, R@20: 97.9
2023-02-06 22:47:26   Not improved: 3 / 3: best R@5 = 95.4, current R@5 = 94.4
2023-02-06 22:47:26   Performance did not improve for 3 epochs. Stop training.
2023-02-06 22:47:26   Best R@5: 95.4
2023-02-06 22:47:26   Trained for 07 epochs, in total in 7:37:02
2023-02-07 00:36:18   Recalls on < BaseDataset, pitts30k - #database: 10000; #queries: 6816 >: R@1: 84.8, R@5: 92.3, R@10: 94.4, R@20: 96.0
