2023-01-12 09:09:47   Arguments: Namespace(aggregation='netvlad', backbone='resnet18conv4', brightness=0, cache_refresh_rate=1000, contrast=0, criterion='triplet', dataset_name='pitts30k', datasets_folder='/content/drive/MyDrive/MLDL/datasets_vg', device='cuda', efficient_ram_testing=False, epochs_num=10, fc_output_dim=None, freeze_te=None, horizontal_flip=False, hue=0, infer_batch_size=16, l2='before_pool', lr=1e-05, lr_crn_layer=0.005, lr_crn_net=0.0005, majority_weight=0.01, margin=0.1, mining='partial', neg_samples_num=1000, negs_num_per_query=10, netvlad_clusters=64, num_workers=2, off_the_shelf='imagenet', optim='adam', patience=3, pca_dataset_folder=None, pca_dim=None, pretrain='imagenet', queries_per_epoch=5000, rand_perspective=0, random_resized_crop=0, random_rotation=0, recall_values=[1, 5, 10, 20], resize=[480, 640], resume='/content/drive/MyDrive/MLDL/results/base_netvlad/2023-01-07_05-44-04/last_model.pth', saturation=0, save_dir='/content/drive/MyDrive/MLDL/results/base_netvlad/resume_training/2023-01-12_09-09-47', seed=0, test_method='hard_resize', train_batch_size=4, train_positives_dist_threshold=10, trunc_te=None, val_positive_dist_threshold=25)
2023-01-12 09:09:47   The outputs are being saved in /content/drive/MyDrive/MLDL/results/base_netvlad/resume_training/2023-01-12_09-09-47
2023-01-12 09:09:47   Using 1 GPUs and 2 CPUs
2023-01-12 09:09:47   Loading dataset pitts30k from folder /content/drive/MyDrive/MLDL/datasets_vg
2023-01-12 09:11:37   There are 96 queries without any positives within the training set. They won't be considered as they're useless for training.
2023-01-12 09:11:37   Train query set: < TripletsDataset, pitts30k - #database: 10000; #queries: 7320 >
2023-01-12 09:13:35   Val set: < BaseDataset, pitts30k - #database: 10000; #queries: 7608 >
2023-01-12 09:13:36   Test set: < BaseDataset, pitts30k - #database: 10000; #queries: 6816 >
2023-01-12 09:13:36   Train only conv4_x of the resnetresnet18 (remove conv5_x), freeze the previous ones
2023-01-12 09:13:38   Loading checkpoint: /content/drive/MyDrive/MLDL/results/base_netvlad/2023-01-07_05-44-04/last_model.pth
2023-01-12 09:13:39   Loaded checkpoint: start_epoch_num = 8, current_best_R@5 = 96.0
2023-01-12 09:13:40   Resuming from epoch 8 with best recall@5 96.0
2023-01-12 09:13:43   Output dimension of the model is 16384, with 17.33 GFLOPs
2023-01-12 09:13:43   Start training epoch: 08
2023-01-12 09:13:43   Cache: 0 / 5
2023-01-12 09:32:58   Epoch[08](0/5): current batch triplet loss = 0.0035, average epoch triplet loss = 0.0064
2023-01-12 09:32:58   Cache: 1 / 5
2023-01-12 09:41:48   Epoch[08](1/5): current batch triplet loss = 0.0000, average epoch triplet loss = 0.0059
2023-01-12 09:41:48   Cache: 2 / 5
2023-01-12 09:50:05   Epoch[08](2/5): current batch triplet loss = 0.0092, average epoch triplet loss = 0.0057
2023-01-12 09:50:05   Cache: 3 / 5
2023-01-12 09:58:16   Epoch[08](3/5): current batch triplet loss = 0.0117, average epoch triplet loss = 0.0056
2023-01-12 09:58:16   Cache: 4 / 5
2023-01-12 10:05:57   Epoch[08](4/5): current batch triplet loss = 0.0005, average epoch triplet loss = 0.0054
2023-01-12 10:05:57   Finished epoch 08 in 0:52:14, average epoch triplet loss = 0.0054
2023-01-12 10:05:57   Extracting database features for evaluation/testing
2023-01-12 10:33:27   Extracting queries features for evaluation/testing
2023-01-12 10:49:34   Calculating recalls
2023-01-12 10:50:09   Recalls on val set < BaseDataset, pitts30k - #database: 10000; #queries: 7608 >: R@1: 88.3, R@5: 95.8, R@10: 97.5, R@20: 98.3
2023-01-12 10:50:09   Not improved: 2 / 3: best R@5 = 96.0, current R@5 = 95.8
2023-01-12 10:50:09   Start training epoch: 09
2023-01-12 10:50:09   Cache: 0 / 5
2023-01-12 10:58:44   Epoch[09](0/5): current batch triplet loss = 0.0064, average epoch triplet loss = 0.0045
2023-01-12 10:58:44   Cache: 1 / 5
2023-01-12 11:06:39   Epoch[09](1/5): current batch triplet loss = 0.0007, average epoch triplet loss = 0.0045
2023-01-12 11:06:39   Cache: 2 / 5
2023-01-12 11:14:23   Epoch[09](2/5): current batch triplet loss = 0.0026, average epoch triplet loss = 0.0047
2023-01-12 11:14:23   Cache: 3 / 5
2023-01-12 11:21:55   Epoch[09](3/5): current batch triplet loss = 0.0070, average epoch triplet loss = 0.0048
2023-01-12 11:21:55   Cache: 4 / 5
2023-01-12 11:29:11   Epoch[09](4/5): current batch triplet loss = 0.0008, average epoch triplet loss = 0.0047
2023-01-12 11:29:11   Finished epoch 09 in 0:39:01, average epoch triplet loss = 0.0047
2023-01-12 11:29:11   Extracting database features for evaluation/testing
2023-01-12 11:32:00   Extracting queries features for evaluation/testing
2023-01-12 11:34:07   Calculating recalls
2023-01-12 11:34:44   Recalls on val set < BaseDataset, pitts30k - #database: 10000; #queries: 7608 >: R@1: 88.3, R@5: 95.8, R@10: 97.6, R@20: 98.5
2023-01-12 11:34:44   Not improved: 3 / 3: best R@5 = 96.0, current R@5 = 95.8
2023-01-12 11:34:44   Performance did not improve for 3 epochs. Stop training.
2023-01-12 11:34:44   Best R@5: 96.0
2023-01-12 11:34:44   Trained for 10 epochs, in total in 2:24:56
2023-01-12 11:34:44   Extracting database features for evaluation/testing
2023-01-12 11:37:19   Extracting queries features for evaluation/testing
2023-01-12 11:39:06   Calculating recalls
2023-01-12 11:39:37   Recalls on < BaseDataset, pitts30k - #database: 10000; #queries: 6816 >: R@1: 85.9, R@5: 92.7, R@10: 94.7, R@20: 96.5
