2023-02-02 11:41:17   Arguments: Namespace(Ensembel=False, aggregation='netvlad', aggregation2='netvlad', backbone='resnet18conv4', brightness=0, cache_refresh_rate=1000, contrast=0, criterion='triplet', dataset_name='pitts30k', datasets_folder='/content/drive/MyDrive/MLDL/datasets_vg', device='cuda', efficient_ram_testing=False, epochs_num=10, fc_output_dim=None, freeze_te=None, horizontal_flip=False, hue=0, infer_batch_size=16, l2='before_pool', lr=0.0001, lr_crn_layer=0.005, lr_crn_net=0.0005, majority_weight=0.01, margin=0.1, mining='partial', neg_samples_num=1000, negs_num_per_query=10, netvlad_clusters=64, num_workers=2, off_the_shelf='imagenet', optim='AdamW', patience=3, pca_dataset_folder=None, pca_dim=None, pretrain='imagenet', queries_per_epoch=5000, rand_perspective=0, random_resized_crop=0, random_rotation=0, recall_values=[1, 5, 10, 20], resize=[480, 640], resume=None, resume2=None, saturation=0, save_dir='/content/drive/MyDrive/MLDL/results/AdamW3/2023-02-02_11-41-16', seed=0, test_method='hard_resize', train_batch_size=4, train_positives_dist_threshold=10, trunc_te=None, val_positive_dist_threshold=25, weight_decay=0.05)
2023-02-02 11:41:17   The outputs are being saved in /content/drive/MyDrive/MLDL/results/AdamW3/2023-02-02_11-41-16
2023-02-02 11:41:17   Using 1 GPUs and 2 CPUs
2023-02-02 11:42:49   There are 96 queries without any positives within the training set. They won't be considered as they're useless for training.
2023-02-02 11:42:49   Train query set: < TripletsDataset, pitts30k - #database: 10000; #queries: 7320 >
2023-02-02 11:45:16   Val set: < BaseDataset, pitts30k - #database: 10000; #queries: 7608 >
2023-02-02 11:47:37   Test set: < BaseDataset, pitts30k - #database: 10000; #queries: 6816 >
2023-02-02 11:48:52   Output dimension of the model is 16384, with 17.27 GFLOPs
2023-02-02 11:48:52   Start training epoch: 00
2023-02-02 12:34:54   Finished epoch 00 in 0:46:02, average epoch triplet loss = 0.0127
2023-02-02 13:16:49   Recalls on val set < BaseDataset, pitts30k - #database: 10000; #queries: 7608 >: R@1: 87.0, R@5: 95.3, R@10: 97.0, R@20: 98.0
2023-02-02 13:16:49   Improved: previous best R@5 = 0.0, current R@5 = 95.3
2023-02-02 13:16:49   Start training epoch: 01
2023-02-02 13:47:42   Finished epoch 01 in 0:30:53, average epoch triplet loss = 0.0065
2023-02-02 13:52:19   Recalls on val set < BaseDataset, pitts30k - #database: 10000; #queries: 7608 >: R@1: 86.8, R@5: 95.2, R@10: 96.8, R@20: 98.0
2023-02-02 13:52:19   Not improved: 1 / 3: best R@5 = 95.3, current R@5 = 95.2
2023-02-02 13:52:19   Start training epoch: 02
2023-02-02 14:20:59   Finished epoch 02 in 0:28:39, average epoch triplet loss = 0.0044
2023-02-02 14:25:36   Recalls on val set < BaseDataset, pitts30k - #database: 10000; #queries: 7608 >: R@1: 86.8, R@5: 94.9, R@10: 96.7, R@20: 97.9
2023-02-02 14:25:37   Not improved: 2 / 3: best R@5 = 95.3, current R@5 = 94.9
2023-02-02 14:25:37   Start training epoch: 03
2023-02-02 14:52:01   Finished epoch 03 in 0:26:24, average epoch triplet loss = 0.0031
2023-02-02 14:56:37   Recalls on val set < BaseDataset, pitts30k - #database: 10000; #queries: 7608 >: R@1: 87.2, R@5: 95.2, R@10: 96.7, R@20: 97.9
2023-02-02 14:56:37   Not improved: 3 / 3: best R@5 = 95.3, current R@5 = 95.2
2023-02-02 14:56:37   Performance did not improve for 3 epochs. Stop training.
2023-02-02 14:56:37   Best R@5: 95.3
2023-02-02 14:56:37   Trained for 04 epochs, in total in 3:15:20
2023-02-02 15:32:07   Recalls on < BaseDataset, pitts30k - #database: 10000; #queries: 6816 >: R@1: 85.2, R@5: 92.6, R@10: 94.7, R@20: 96.5
