2023-01-14 18:08:25   Arguments: Namespace(aggregation='netvlad', backbone='resnet18conv4', brightness=0, cache_refresh_rate=1000, contrast=0, criterion='triplet', dataset_name='pitts30k', datasets_folder='/content', device='cuda', efficient_ram_testing=False, epochs_num=10, fc_output_dim=None, freeze_te=None, horizontal_flip=False, hue=0, infer_batch_size=16, l2='before_pool', lr=1e-05, lr_crn_layer=0.005, lr_crn_net=0.0005, majority_weight=0.01, margin=0.1, mining='partial', neg_samples_num=1000, negs_num_per_query=10, netvlad_clusters=64, num_workers=2, off_the_shelf='imagenet', optim='adam', patience=3, pca_dataset_folder=None, pca_dim=None, pretrain='imagenet', queries_per_epoch=5000, rand_perspective=0, random_resized_crop=0, random_rotation=0, recall_values=[1, 5, 10, 20], resize=[480, 640], resume=None, saturation=0, save_dir='/content/drive/MyDrive/MLDL/results/synthetic_data2/2023-01-14_18-08-25', seed=0, test_method='hard_resize', train_batch_size=4, train_positives_dist_threshold=10, trunc_te=None, val_positive_dist_threshold=25)
2023-01-14 18:08:25   The outputs are being saved in /content/drive/MyDrive/MLDL/results/synthetic_data2/2023-01-14_18-08-25
2023-01-14 18:08:25   Using 1 GPUs and 2 CPUs
2023-01-14 18:08:25   Loading dataset pitts30k from folder /content
2023-01-14 18:08:25   There are 96 queries without any positives within the training set. They won't be considered as they're useless for training.
2023-01-14 18:08:26   Train query set: < TripletsDataset, pitts30k - #database: 10000; #queries: 7320 >
2023-01-14 18:08:26   Val set: < BaseDataset, pitts30k - #database: 10000; #queries: 7608 >
2023-01-14 18:08:26   Test set: < BaseDataset, pitts30k - #database: 10000; #queries: 6816 >
2023-01-14 18:08:26   Train only conv4_x of the resnetresnet18 (remove conv5_x), freeze the previous ones
2023-01-14 18:08:28   Extracting features to initialize NetVLAD layer
2023-01-14 18:08:38   NetVLAD centroids shape: (64, 256)
2023-01-14 18:08:39   Output dimension of the model is 16384, with 17.27 GFLOPs
2023-01-14 18:08:39   Start training epoch: 00
2023-01-14 18:08:39   Cache: 0 / 5
2023-01-14 18:13:49   Epoch[00](0/5): current batch triplet loss = 0.0189, average epoch triplet loss = 0.0437
2023-01-14 18:13:49   Cache: 1 / 5
2023-01-14 18:19:22   Epoch[00](1/5): current batch triplet loss = 0.0378, average epoch triplet loss = 0.0508
2023-01-14 18:19:22   Cache: 2 / 5
2023-01-14 18:24:40   Epoch[00](2/5): current batch triplet loss = 0.0033, average epoch triplet loss = 0.0396
2023-01-14 18:24:40   Cache: 3 / 5
2023-01-14 18:29:55   Epoch[00](3/5): current batch triplet loss = 0.0455, average epoch triplet loss = 0.0399
2023-01-14 18:29:55   Cache: 4 / 5
2023-01-14 18:35:13   Epoch[00](4/5): current batch triplet loss = 0.0148, average epoch triplet loss = 0.0340
2023-01-14 18:35:13   Finished epoch 00 in 0:26:34, average epoch triplet loss = 0.0340
2023-01-14 18:35:13   Extracting database features for evaluation/testing
2023-01-14 18:37:47   Extracting queries features for evaluation/testing
2023-01-14 18:39:40   Calculating recalls
2023-01-14 18:40:17   Recalls on val set < BaseDataset, pitts30k - #database: 10000; #queries: 7608 >: R@1: 45.3, R@5: 62.2, R@10: 69.4, R@20: 77.0
2023-01-14 18:40:17   Improved: previous best R@5 = 0.0, current R@5 = 62.2
2023-01-14 18:40:17   Start training epoch: 01
2023-01-14 18:40:17   Cache: 0 / 5
2023-01-14 18:45:36   Epoch[01](0/5): current batch triplet loss = 0.0192, average epoch triplet loss = 0.0353
2023-01-14 18:45:36   Cache: 1 / 5
2023-01-14 18:51:02   Epoch[01](1/5): current batch triplet loss = 0.0023, average epoch triplet loss = 0.0226
2023-01-14 18:51:02   Cache: 2 / 5
2023-01-14 18:56:29   Epoch[01](2/5): current batch triplet loss = 0.0310, average epoch triplet loss = 0.0258
2023-01-14 18:56:29   Cache: 3 / 5
2023-01-14 19:01:55   Epoch[01](3/5): current batch triplet loss = 0.0002, average epoch triplet loss = 0.0217
2023-01-14 19:01:55   Cache: 4 / 5
2023-01-14 19:07:14   Epoch[01](4/5): current batch triplet loss = 0.0359, average epoch triplet loss = 0.0233
2023-01-14 19:07:14   Finished epoch 01 in 0:26:57, average epoch triplet loss = 0.0233
2023-01-14 19:07:14   Extracting database features for evaluation/testing
2023-01-14 19:09:41   Extracting queries features for evaluation/testing
2023-01-14 19:11:31   Calculating recalls
2023-01-14 19:12:09   Recalls on val set < BaseDataset, pitts30k - #database: 10000; #queries: 7608 >: R@1: 57.0, R@5: 71.8, R@10: 77.1, R@20: 81.9
2023-01-14 19:12:09   Improved: previous best R@5 = 62.2, current R@5 = 71.8
2023-01-14 19:12:09   Start training epoch: 02
2023-01-14 19:12:09   Cache: 0 / 5
2023-01-14 19:17:29   Epoch[02](0/5): current batch triplet loss = 0.0083, average epoch triplet loss = 0.0076
2023-01-14 19:17:29   Cache: 1 / 5
2023-01-14 19:22:50   Epoch[02](1/5): current batch triplet loss = 0.0056, average epoch triplet loss = 0.0131
2023-01-14 19:22:50   Cache: 2 / 5
2023-01-14 19:28:12   Epoch[02](2/5): current batch triplet loss = 0.0005, average epoch triplet loss = 0.0109
2023-01-14 19:28:12   Cache: 3 / 5
2023-01-14 19:33:34   Epoch[02](3/5): current batch triplet loss = 0.0066, average epoch triplet loss = 0.0130
2023-01-14 19:33:34   Cache: 4 / 5
2023-01-14 19:38:57   Epoch[02](4/5): current batch triplet loss = 0.0160, average epoch triplet loss = 0.0115
2023-01-14 19:38:57   Finished epoch 02 in 0:26:47, average epoch triplet loss = 0.0115
2023-01-14 19:38:57   Extracting database features for evaluation/testing
2023-01-14 19:41:25   Extracting queries features for evaluation/testing
2023-01-14 19:43:17   Calculating recalls
2023-01-14 19:43:54   Recalls on val set < BaseDataset, pitts30k - #database: 10000; #queries: 7608 >: R@1: 39.5, R@5: 58.2, R@10: 66.0, R@20: 73.5
2023-01-14 19:43:54   Not improved: 1 / 3: best R@5 = 71.8, current R@5 = 58.2
2023-01-14 19:43:54   Start training epoch: 03
2023-01-14 19:43:54   Cache: 0 / 5
2023-01-14 19:49:17   Epoch[03](0/5): current batch triplet loss = 0.0101, average epoch triplet loss = 0.0183
2023-01-14 19:49:17   Cache: 1 / 5
2023-01-14 19:54:40   Epoch[03](1/5): current batch triplet loss = 0.0053, average epoch triplet loss = 0.0115
2023-01-14 19:54:40   Cache: 2 / 5
2023-01-14 20:00:06   Epoch[03](2/5): current batch triplet loss = 0.0076, average epoch triplet loss = 0.0133
2023-01-14 20:00:06   Cache: 3 / 5
2023-01-14 20:05:30   Epoch[03](3/5): current batch triplet loss = 0.0000, average epoch triplet loss = 0.0109
2023-01-14 20:05:30   Cache: 4 / 5
2023-01-14 20:10:56   Epoch[03](4/5): current batch triplet loss = 0.0113, average epoch triplet loss = 0.0118
2023-01-14 20:10:56   Finished epoch 03 in 0:27:01, average epoch triplet loss = 0.0118
2023-01-14 20:10:56   Extracting database features for evaluation/testing
2023-01-14 20:13:23   Extracting queries features for evaluation/testing
2023-01-14 20:15:15   Calculating recalls
2023-01-14 20:15:52   Recalls on val set < BaseDataset, pitts30k - #database: 10000; #queries: 7608 >: R@1: 57.9, R@5: 71.7, R@10: 76.9, R@20: 82.0
2023-01-14 20:15:52   Not improved: 2 / 3: best R@5 = 71.8, current R@5 = 71.7
2023-01-14 20:15:52   Start training epoch: 04
2023-01-14 20:15:52   Cache: 0 / 5
2023-01-14 20:21:13   Epoch[04](0/5): current batch triplet loss = 0.0016, average epoch triplet loss = 0.0040
2023-01-14 20:21:13   Cache: 1 / 5
2023-01-14 20:26:37   Epoch[04](1/5): current batch triplet loss = 0.0170, average epoch triplet loss = 0.0086
2023-01-14 20:26:37   Cache: 2 / 5
2023-01-14 20:32:06   Epoch[04](2/5): current batch triplet loss = 0.0000, average epoch triplet loss = 0.0067
2023-01-14 20:32:06   Cache: 3 / 5
2023-01-14 20:37:29   Epoch[04](3/5): current batch triplet loss = 0.0243, average epoch triplet loss = 0.0096
2023-01-14 20:37:29   Cache: 4 / 5
2023-01-14 20:42:52   Epoch[04](4/5): current batch triplet loss = 0.0019, average epoch triplet loss = 0.0083
2023-01-14 20:42:52   Finished epoch 04 in 0:26:59, average epoch triplet loss = 0.0083
2023-01-14 20:42:52   Extracting database features for evaluation/testing
2023-01-14 20:45:18   Extracting queries features for evaluation/testing
2023-01-14 20:47:07   Calculating recalls
2023-01-14 20:47:43   Recalls on val set < BaseDataset, pitts30k - #database: 10000; #queries: 7608 >: R@1: 40.3, R@5: 57.8, R@10: 65.6, R@20: 73.8
2023-01-14 20:47:44   Not improved: 3 / 3: best R@5 = 71.8, current R@5 = 57.8
2023-01-14 20:47:44   Performance did not improve for 3 epochs. Stop training.
2023-01-14 20:47:44   Best R@5: 71.8
2023-01-14 20:47:44   Trained for 05 epochs, in total in 2:39:18
2023-01-14 20:47:44   Extracting database features for evaluation/testing
2023-01-14 20:50:08   Extracting queries features for evaluation/testing
2023-01-14 20:51:46   Calculating recalls
2023-01-14 20:52:20   Recalls on < BaseDataset, pitts30k - #database: 10000; #queries: 6816 >: R@1: 60.4, R@5: 75.8, R@10: 81.5, R@20: 86.4
