2023-01-14 18:08:25   Arguments: Namespace(aggregation='netvlad', backbone='resnet18conv4', brightness=0, cache_refresh_rate=1000, contrast=0, criterion='triplet', dataset_name='pitts30k', datasets_folder='/content', device='cuda', efficient_ram_testing=False, epochs_num=10, fc_output_dim=None, freeze_te=None, horizontal_flip=False, hue=0, infer_batch_size=16, l2='before_pool', lr=1e-05, lr_crn_layer=0.005, lr_crn_net=0.0005, majority_weight=0.01, margin=0.1, mining='partial', neg_samples_num=1000, negs_num_per_query=10, netvlad_clusters=64, num_workers=2, off_the_shelf='imagenet', optim='adam', patience=3, pca_dataset_folder=None, pca_dim=None, pretrain='imagenet', queries_per_epoch=5000, rand_perspective=0, random_resized_crop=0, random_rotation=0, recall_values=[1, 5, 10, 20], resize=[480, 640], resume=None, saturation=0, save_dir='/content/drive/MyDrive/MLDL/results/synthetic_data2/2023-01-14_18-08-25', seed=0, test_method='hard_resize', train_batch_size=4, train_positives_dist_threshold=10, trunc_te=None, val_positive_dist_threshold=25)
2023-01-14 18:08:25   The outputs are being saved in /content/drive/MyDrive/MLDL/results/synthetic_data2/2023-01-14_18-08-25
2023-01-14 18:08:25   Using 1 GPUs and 2 CPUs
2023-01-14 18:08:25   There are 96 queries without any positives within the training set. They won't be considered as they're useless for training.
2023-01-14 18:08:26   Train query set: < TripletsDataset, pitts30k - #database: 10000; #queries: 7320 >
2023-01-14 18:08:26   Val set: < BaseDataset, pitts30k - #database: 10000; #queries: 7608 >
2023-01-14 18:08:26   Test set: < BaseDataset, pitts30k - #database: 10000; #queries: 6816 >
2023-01-14 18:08:39   Output dimension of the model is 16384, with 17.27 GFLOPs
2023-01-14 18:08:39   Start training epoch: 00
2023-01-14 18:35:13   Finished epoch 00 in 0:26:34, average epoch triplet loss = 0.0340
2023-01-14 18:40:17   Recalls on val set < BaseDataset, pitts30k - #database: 10000; #queries: 7608 >: R@1: 45.3, R@5: 62.2, R@10: 69.4, R@20: 77.0
2023-01-14 18:40:17   Improved: previous best R@5 = 0.0, current R@5 = 62.2
2023-01-14 18:40:17   Start training epoch: 01
2023-01-14 19:07:14   Finished epoch 01 in 0:26:57, average epoch triplet loss = 0.0233
2023-01-14 19:12:09   Recalls on val set < BaseDataset, pitts30k - #database: 10000; #queries: 7608 >: R@1: 57.0, R@5: 71.8, R@10: 77.1, R@20: 81.9
2023-01-14 19:12:09   Improved: previous best R@5 = 62.2, current R@5 = 71.8
2023-01-14 19:12:09   Start training epoch: 02
2023-01-14 19:38:57   Finished epoch 02 in 0:26:47, average epoch triplet loss = 0.0115
2023-01-14 19:43:54   Recalls on val set < BaseDataset, pitts30k - #database: 10000; #queries: 7608 >: R@1: 39.5, R@5: 58.2, R@10: 66.0, R@20: 73.5
2023-01-14 19:43:54   Not improved: 1 / 3: best R@5 = 71.8, current R@5 = 58.2
2023-01-14 19:43:54   Start training epoch: 03
2023-01-14 20:10:56   Finished epoch 03 in 0:27:01, average epoch triplet loss = 0.0118
2023-01-14 20:15:52   Recalls on val set < BaseDataset, pitts30k - #database: 10000; #queries: 7608 >: R@1: 57.9, R@5: 71.7, R@10: 76.9, R@20: 82.0
2023-01-14 20:15:52   Not improved: 2 / 3: best R@5 = 71.8, current R@5 = 71.7
2023-01-14 20:15:52   Start training epoch: 04
2023-01-14 20:42:52   Finished epoch 04 in 0:26:59, average epoch triplet loss = 0.0083
2023-01-14 20:47:43   Recalls on val set < BaseDataset, pitts30k - #database: 10000; #queries: 7608 >: R@1: 40.3, R@5: 57.8, R@10: 65.6, R@20: 73.8
2023-01-14 20:47:44   Not improved: 3 / 3: best R@5 = 71.8, current R@5 = 57.8
2023-01-14 20:47:44   Performance did not improve for 3 epochs. Stop training.
2023-01-14 20:47:44   Best R@5: 71.8
2023-01-14 20:47:44   Trained for 05 epochs, in total in 2:39:18
2023-01-14 20:52:20   Recalls on < BaseDataset, pitts30k - #database: 10000; #queries: 6816 >: R@1: 60.4, R@5: 75.8, R@10: 81.5, R@20: 86.4
