2023-01-27 14:01:20   Arguments: Namespace(aggregation='netvlad', backbone='resnet18conv4', brightness=0, brightness_factor_max=0.9, brightness_factor_min=0.3, cache_refresh_rate=1000, contrast=0, criterion='triplet', dataset_name='pitts30k', datasets_folder='/content/drive/MyDrive/MLDL/datasets_vg', device='cuda', efficient_ram_testing=False, epochs_num=5, fc_output_dim=None, freeze_te=None, horizontal_flip=False, hue=0, infer_batch_size=16, l2='before_pool', lr=1e-05, lr_crn_layer=0.005, lr_crn_net=0.0005, majority_weight=0.01, margin=0.1, mining='partial', neg_samples_num=1000, negs_num_per_query=10, netvlad_clusters=64, num_workers=2, off_the_shelf='imagenet', optim='adam', patience=3, pca_dataset_folder=None, pca_dim=None, pretrain='imagenet', queries_per_epoch=5000, rand_perspective=0, random_resized_crop=0, random_rotation=0, recall_values=[1, 5, 10, 20], resize=[480, 640], resume=None, saturation=0, save_dir='/content/drive/MyDrive/MLDL/results/netvlad_aug_data/2023-01-27_14-01-19', seed=0, test_method='hard_resize', train_batch_size=4, train_positives_dist_threshold=10, trunc_te=None, val_positive_dist_threshold=25)
2023-01-27 14:01:20   The outputs are being saved in /content/drive/MyDrive/MLDL/results/netvlad_aug_data/2023-01-27_14-01-19
2023-01-27 14:01:20   Using 1 GPUs and 2 CPUs
2023-01-27 14:01:20   Loading dataset pitts30k from folder /content/drive/MyDrive/MLDL/datasets_vg
2023-01-27 14:02:35   There are 96 queries without any positives within the training set. They won't be considered as they're useless for training.
2023-01-27 14:02:35   Train query set: < TripletsDataset, pitts30k - #database: 10000; #queries: 7320 >
2023-01-27 14:03:40   Val set: < BaseDataset, pitts30k - #database: 10000; #queries: 7608 >
2023-01-27 14:04:46   Test set: < BaseDataset, pitts30k - #database: 10000; #queries: 6816 >
2023-01-27 14:04:47   Train only conv4_x of the resnetresnet18 (remove conv5_x), freeze the previous ones
2023-01-27 14:04:53   Extracting features to initialize NetVLAD layer
2023-01-27 14:06:16   NetVLAD centroids shape: (64, 256)
2023-01-27 14:06:17   Output dimension of the model is 16384, with 17.27 GFLOPs
2023-01-27 14:06:17   Start training epoch: 00
2023-01-27 14:06:17   Cache: 0 / 5
2023-01-27 14:25:39   Epoch[00](0/5): current batch triplet loss = 0.0787, average epoch triplet loss = 0.0607
2023-01-27 14:25:39   Cache: 1 / 5
2023-01-27 14:34:07   Epoch[00](1/5): current batch triplet loss = 0.0549, average epoch triplet loss = 0.0529
2023-01-27 14:34:07   Cache: 2 / 5
2023-01-27 14:41:51   Epoch[00](2/5): current batch triplet loss = 0.0304, average epoch triplet loss = 0.0473
2023-01-27 14:41:51   Cache: 3 / 5
2023-01-27 14:49:15   Epoch[00](3/5): current batch triplet loss = 0.0471, average epoch triplet loss = 0.0440
2023-01-27 14:49:15   Cache: 4 / 5
2023-01-27 14:56:02   Epoch[00](4/5): current batch triplet loss = 0.0119, average epoch triplet loss = 0.0425
2023-01-27 14:56:02   Finished epoch 00 in 0:49:45, average epoch triplet loss = 0.0425
2023-01-27 14:56:02   Extracting database features for evaluation/testing
2023-01-27 15:25:15   Extracting queries features for evaluation/testing
2023-01-27 15:41:51   Calculating recalls
2023-01-27 15:42:22   Recalls on val set < BaseDataset, pitts30k - #database: 10000; #queries: 7608 >: R@1: 62.1, R@5: 77.6, R@10: 82.7, R@20: 86.8
2023-01-27 15:42:23   Improved: previous best R@5 = 0.0, current R@5 = 77.6
2023-01-27 15:42:23   Start training epoch: 01
2023-01-27 15:42:23   Cache: 0 / 5
2023-01-27 15:49:09   Epoch[01](0/5): current batch triplet loss = 0.0148, average epoch triplet loss = 0.0313
2023-01-27 15:49:09   Cache: 1 / 5
2023-01-27 15:55:46   Epoch[01](1/5): current batch triplet loss = 0.0223, average epoch triplet loss = 0.0313
2023-01-27 15:55:46   Cache: 2 / 5
2023-01-27 16:02:35   Epoch[01](2/5): current batch triplet loss = 0.0107, average epoch triplet loss = 0.0297
2023-01-27 16:02:35   Cache: 3 / 5
2023-01-27 16:08:56   Epoch[01](3/5): current batch triplet loss = 0.0161, average epoch triplet loss = 0.0298
2023-01-27 16:08:56   Cache: 4 / 5
2023-01-27 16:14:55   Epoch[01](4/5): current batch triplet loss = 0.0358, average epoch triplet loss = 0.0299
2023-01-27 16:14:55   Finished epoch 01 in 0:32:32, average epoch triplet loss = 0.0299
2023-01-27 16:14:55   Extracting database features for evaluation/testing
2023-01-27 16:17:16   Extracting queries features for evaluation/testing
2023-01-27 16:19:01   Calculating recalls
2023-01-27 16:19:33   Recalls on val set < BaseDataset, pitts30k - #database: 10000; #queries: 7608 >: R@1: 64.4, R@5: 80.2, R@10: 84.6, R@20: 88.6
2023-01-27 16:19:33   Improved: previous best R@5 = 77.6, current R@5 = 80.2
2023-01-27 16:19:33   Start training epoch: 02
2023-01-27 16:19:33   Cache: 0 / 5
2023-01-27 16:25:32   Epoch[02](0/5): current batch triplet loss = 0.0244, average epoch triplet loss = 0.0292
2023-01-27 16:25:32   Cache: 1 / 5
2023-01-27 16:31:19   Epoch[02](1/5): current batch triplet loss = 0.0076, average epoch triplet loss = 0.0273
2023-01-27 16:31:19   Cache: 2 / 5
2023-01-27 16:36:55   Epoch[02](2/5): current batch triplet loss = 0.0164, average epoch triplet loss = 0.0271
2023-01-27 16:36:55   Cache: 3 / 5
2023-01-27 16:42:25   Epoch[02](3/5): current batch triplet loss = 0.0187, average epoch triplet loss = 0.0266
2023-01-27 16:42:25   Cache: 4 / 5
2023-01-27 16:48:00   Epoch[02](4/5): current batch triplet loss = 0.0172, average epoch triplet loss = 0.0259
2023-01-27 16:48:00   Finished epoch 02 in 0:28:27, average epoch triplet loss = 0.0259
2023-01-27 16:48:00   Extracting database features for evaluation/testing
2023-01-27 16:50:20   Extracting queries features for evaluation/testing
2023-01-27 16:52:05   Calculating recalls
2023-01-27 16:52:39   Recalls on val set < BaseDataset, pitts30k - #database: 10000; #queries: 7608 >: R@1: 67.3, R@5: 82.0, R@10: 86.5, R@20: 90.2
2023-01-27 16:52:40   Improved: previous best R@5 = 80.2, current R@5 = 82.0
2023-01-27 16:52:40   Start training epoch: 03
2023-01-27 16:52:40   Cache: 0 / 5
2023-01-27 16:58:15   Epoch[03](0/5): current batch triplet loss = 0.0072, average epoch triplet loss = 0.0237
2023-01-27 16:58:15   Cache: 1 / 5
2023-01-27 17:04:03   Epoch[03](1/5): current batch triplet loss = 0.0051, average epoch triplet loss = 0.0229
2023-01-27 17:04:03   Cache: 2 / 5
2023-01-27 17:09:40   Epoch[03](2/5): current batch triplet loss = 0.0099, average epoch triplet loss = 0.0234
2023-01-27 17:09:40   Cache: 3 / 5
2023-01-27 17:15:09   Epoch[03](3/5): current batch triplet loss = 0.0141, average epoch triplet loss = 0.0230
2023-01-27 17:15:09   Cache: 4 / 5
2023-01-27 17:20:51   Epoch[03](4/5): current batch triplet loss = 0.0316, average epoch triplet loss = 0.0233
2023-01-27 17:20:51   Finished epoch 03 in 0:28:11, average epoch triplet loss = 0.0233
2023-01-27 17:20:51   Extracting database features for evaluation/testing
2023-01-27 17:23:11   Extracting queries features for evaluation/testing
2023-01-27 17:24:56   Calculating recalls
2023-01-27 17:25:28   Recalls on val set < BaseDataset, pitts30k - #database: 10000; #queries: 7608 >: R@1: 67.3, R@5: 81.4, R@10: 85.8, R@20: 90.1
2023-01-27 17:25:28   Not improved: 1 / 3: best R@5 = 82.0, current R@5 = 81.4
2023-01-27 17:25:28   Start training epoch: 04
2023-01-27 17:25:28   Cache: 0 / 5
2023-01-27 17:30:51   Epoch[04](0/5): current batch triplet loss = 0.0067, average epoch triplet loss = 0.0215
2023-01-27 17:30:51   Cache: 1 / 5
2023-01-27 17:36:04   Epoch[04](1/5): current batch triplet loss = 0.0273, average epoch triplet loss = 0.0213
2023-01-27 17:36:04   Cache: 2 / 5
2023-01-27 17:41:16   Epoch[04](2/5): current batch triplet loss = 0.0189, average epoch triplet loss = 0.0214
2023-01-27 17:41:16   Cache: 3 / 5
2023-01-27 17:46:29   Epoch[04](3/5): current batch triplet loss = 0.0330, average epoch triplet loss = 0.0221
2023-01-27 17:46:29   Cache: 4 / 5
2023-01-27 17:51:37   Epoch[04](4/5): current batch triplet loss = 0.0239, average epoch triplet loss = 0.0221
2023-01-27 17:51:37   Finished epoch 04 in 0:26:08, average epoch triplet loss = 0.0221
2023-01-27 17:51:37   Extracting database features for evaluation/testing
2023-01-27 17:53:57   Extracting queries features for evaluation/testing
2023-01-27 17:55:43   Calculating recalls
2023-01-27 17:56:16   Recalls on val set < BaseDataset, pitts30k - #database: 10000; #queries: 7608 >: R@1: 68.1, R@5: 82.2, R@10: 86.6, R@20: 90.5
2023-01-27 17:56:17   Improved: previous best R@5 = 82.0, current R@5 = 82.2
2023-01-27 17:56:17   Best R@5: 82.2
2023-01-27 17:56:17   Trained for 05 epochs, in total in 3:54:57
2023-01-27 17:56:17   Extracting database features for evaluation/testing
2023-01-27 18:21:53   Extracting queries features for evaluation/testing
2023-01-27 18:36:14   Calculating recalls
2023-01-27 18:36:44   Recalls on < BaseDataset, pitts30k - #database: 10000; #queries: 6816 >: R@1: 76.7, R@5: 88.6, R@10: 91.7, R@20: 93.9
