2023-01-27 14:01:20   Arguments: Namespace(aggregation='netvlad', backbone='resnet18conv4', brightness=0, brightness_factor_max=0.9, brightness_factor_min=0.3, cache_refresh_rate=1000, contrast=0, criterion='triplet', dataset_name='pitts30k', datasets_folder='/content/drive/MyDrive/MLDL/datasets_vg', device='cuda', efficient_ram_testing=False, epochs_num=5, fc_output_dim=None, freeze_te=None, horizontal_flip=False, hue=0, infer_batch_size=16, l2='before_pool', lr=1e-05, lr_crn_layer=0.005, lr_crn_net=0.0005, majority_weight=0.01, margin=0.1, mining='partial', neg_samples_num=1000, negs_num_per_query=10, netvlad_clusters=64, num_workers=2, off_the_shelf='imagenet', optim='adam', patience=3, pca_dataset_folder=None, pca_dim=None, pretrain='imagenet', queries_per_epoch=5000, rand_perspective=0, random_resized_crop=0, random_rotation=0, recall_values=[1, 5, 10, 20], resize=[480, 640], resume=None, saturation=0, save_dir='/content/drive/MyDrive/MLDL/results/netvlad_aug_data/2023-01-27_14-01-19', seed=0, test_method='hard_resize', train_batch_size=4, train_positives_dist_threshold=10, trunc_te=None, val_positive_dist_threshold=25)
2023-01-27 14:01:20   The outputs are being saved in /content/drive/MyDrive/MLDL/results/netvlad_aug_data/2023-01-27_14-01-19
2023-01-27 14:01:20   Using 1 GPUs and 2 CPUs
2023-01-27 14:02:35   There are 96 queries without any positives within the training set. They won't be considered as they're useless for training.
2023-01-27 14:02:35   Train query set: < TripletsDataset, pitts30k - #database: 10000; #queries: 7320 >
2023-01-27 14:03:40   Val set: < BaseDataset, pitts30k - #database: 10000; #queries: 7608 >
2023-01-27 14:04:46   Test set: < BaseDataset, pitts30k - #database: 10000; #queries: 6816 >
2023-01-27 14:06:17   Output dimension of the model is 16384, with 17.27 GFLOPs
2023-01-27 14:06:17   Start training epoch: 00
2023-01-27 14:56:02   Finished epoch 00 in 0:49:45, average epoch triplet loss = 0.0425
2023-01-27 15:42:22   Recalls on val set < BaseDataset, pitts30k - #database: 10000; #queries: 7608 >: R@1: 62.1, R@5: 77.6, R@10: 82.7, R@20: 86.8
2023-01-27 15:42:23   Improved: previous best R@5 = 0.0, current R@5 = 77.6
2023-01-27 15:42:23   Start training epoch: 01
2023-01-27 16:14:55   Finished epoch 01 in 0:32:32, average epoch triplet loss = 0.0299
2023-01-27 16:19:33   Recalls on val set < BaseDataset, pitts30k - #database: 10000; #queries: 7608 >: R@1: 64.4, R@5: 80.2, R@10: 84.6, R@20: 88.6
2023-01-27 16:19:33   Improved: previous best R@5 = 77.6, current R@5 = 80.2
2023-01-27 16:19:33   Start training epoch: 02
2023-01-27 16:48:00   Finished epoch 02 in 0:28:27, average epoch triplet loss = 0.0259
2023-01-27 16:52:39   Recalls on val set < BaseDataset, pitts30k - #database: 10000; #queries: 7608 >: R@1: 67.3, R@5: 82.0, R@10: 86.5, R@20: 90.2
2023-01-27 16:52:40   Improved: previous best R@5 = 80.2, current R@5 = 82.0
2023-01-27 16:52:40   Start training epoch: 03
2023-01-27 17:20:51   Finished epoch 03 in 0:28:11, average epoch triplet loss = 0.0233
2023-01-27 17:25:28   Recalls on val set < BaseDataset, pitts30k - #database: 10000; #queries: 7608 >: R@1: 67.3, R@5: 81.4, R@10: 85.8, R@20: 90.1
2023-01-27 17:25:28   Not improved: 1 / 3: best R@5 = 82.0, current R@5 = 81.4
2023-01-27 17:25:28   Start training epoch: 04
2023-01-27 17:51:37   Finished epoch 04 in 0:26:08, average epoch triplet loss = 0.0221
2023-01-27 17:56:16   Recalls on val set < BaseDataset, pitts30k - #database: 10000; #queries: 7608 >: R@1: 68.1, R@5: 82.2, R@10: 86.6, R@20: 90.5
2023-01-27 17:56:17   Improved: previous best R@5 = 82.0, current R@5 = 82.2
2023-01-27 17:56:17   Best R@5: 82.2
2023-01-27 17:56:17   Trained for 05 epochs, in total in 3:54:57
2023-01-27 18:36:44   Recalls on < BaseDataset, pitts30k - #database: 10000; #queries: 6816 >: R@1: 76.7, R@5: 88.6, R@10: 91.7, R@20: 93.9
