2023-01-06 11:10:32   Arguments: Namespace(aggregation='gem', backbone='resnet18conv4', brightness=0, cache_refresh_rate=1000, contrast=0, criterion='triplet', dataset_name='pitts30k', datasets_folder='/content/drive/MyDrive/MLDL/datasets_vg', device='cuda', efficient_ram_testing=False, epochs_num=10, fc_output_dim=None, freeze_te=None, horizontal_flip=False, hue=0, infer_batch_size=16, l2='before_pool', lr=1e-05, lr_crn_layer=0.005, lr_crn_net=0.0005, majority_weight=0.01, margin=0.1, mining='partial', neg_samples_num=1000, negs_num_per_query=10, netvlad_clusters=64, num_workers=2, off_the_shelf='imagenet', optim='adam', patience=3, pca_dataset_folder=None, pca_dim=None, pretrain='imagenet', queries_per_epoch=5000, rand_perspective=0, random_resized_crop=0, random_rotation=0, recall_values=[1, 5, 10, 20], resize=[480, 640], resume=None, saturation=0, save_dir='/content/drive/MyDrive/MLDL/results/base_gem/2023-01-06_11-10-32', seed=0, test_method='hard_resize', train_batch_size=4, train_positives_dist_threshold=10, trunc_te=None, val_positive_dist_threshold=25)
2023-01-06 11:10:32   The outputs are being saved in /content/drive/MyDrive/MLDL/results/base_gem/2023-01-06_11-10-32
2023-01-06 11:10:32   Using 1 GPUs and 2 CPUs
2023-01-06 11:10:32   Loading dataset pitts30k from folder /content/drive/MyDrive/MLDL/datasets_vg
2023-01-06 11:10:42   There are 96 queries without any positives within the training set. They won't be considered as they're useless for training.
2023-01-06 11:10:42   Train query set: < TripletsDataset, pitts30k - #database: 10000; #queries: 7320 >
2023-01-06 11:12:40   Val set: < BaseDataset, pitts30k - #database: 10000; #queries: 7608 >
2023-01-06 11:14:33   Test set: < BaseDataset, pitts30k - #database: 10000; #queries: 6816 >
2023-01-06 11:14:35   Train only conv4_x of the resnetresnet18 (remove conv5_x), freeze the previous ones
2023-01-06 11:14:49   Output dimension of the model is 256, with 17.29 GFLOPs
2023-01-06 11:14:49   Start training epoch: 00
2023-01-06 11:14:49   Cache: 0 / 5
2023-01-06 11:50:49   Epoch[00](0/5): current batch triplet loss = 0.0536, average epoch triplet loss = 0.0661
2023-01-06 11:50:49   Cache: 1 / 5
2023-01-06 12:05:26   Epoch[00](1/5): current batch triplet loss = 0.0147, average epoch triplet loss = 0.0610
2023-01-06 12:05:26   Cache: 2 / 5
2023-01-06 12:18:54   Epoch[00](2/5): current batch triplet loss = 0.0463, average epoch triplet loss = 0.0580
2023-01-06 12:18:54   Cache: 3 / 5
2023-01-06 12:31:07   Epoch[00](3/5): current batch triplet loss = 0.0563, average epoch triplet loss = 0.0551
2023-01-06 12:31:07   Cache: 4 / 5
2023-01-06 12:42:15   Epoch[00](4/5): current batch triplet loss = 0.0419, average epoch triplet loss = 0.0524
2023-01-06 12:42:15   Finished epoch 00 in 1:27:26, average epoch triplet loss = 0.0524
2023-01-06 12:42:15   Extracting database features for evaluation/testing
2023-01-06 13:38:21   Extracting queries features for evaluation/testing
2023-01-06 14:33:18   Calculating recalls
2023-01-06 14:33:19   Recalls on val set < BaseDataset, pitts30k - #database: 10000; #queries: 7608 >: R@1: 72.0, R@5: 87.1, R@10: 91.6, R@20: 94.7
2023-01-06 14:33:19   Improved: previous best R@5 = 0.0, current R@5 = 87.1
2023-01-06 14:33:19   Start training epoch: 01
2023-01-06 14:33:19   Cache: 0 / 5
2023-01-06 14:43:29   Epoch[01](0/5): current batch triplet loss = 0.0290, average epoch triplet loss = 0.0380
2023-01-06 14:43:29   Cache: 1 / 5
2023-01-06 14:53:15   Epoch[01](1/5): current batch triplet loss = 0.0166, average epoch triplet loss = 0.0362
2023-01-06 14:53:15   Cache: 2 / 5
2023-01-06 15:02:25   Epoch[01](2/5): current batch triplet loss = 0.0219, average epoch triplet loss = 0.0359
2023-01-06 15:02:25   Cache: 3 / 5
2023-01-06 15:11:17   Epoch[01](3/5): current batch triplet loss = 0.0289, average epoch triplet loss = 0.0349
2023-01-06 15:11:17   Cache: 4 / 5
2023-01-06 15:19:28   Epoch[01](4/5): current batch triplet loss = 0.0121, average epoch triplet loss = 0.0338
2023-01-06 15:19:28   Finished epoch 01 in 0:46:08, average epoch triplet loss = 0.0338
2023-01-06 15:19:28   Extracting database features for evaluation/testing
2023-01-06 15:21:53   Extracting queries features for evaluation/testing
2023-01-06 15:23:39   Calculating recalls
2023-01-06 15:23:40   Recalls on val set < BaseDataset, pitts30k - #database: 10000; #queries: 7608 >: R@1: 75.4, R@5: 89.1, R@10: 92.8, R@20: 95.6
2023-01-06 15:23:40   Improved: previous best R@5 = 87.1, current R@5 = 89.1
2023-01-06 15:23:40   Start training epoch: 02
2023-01-06 15:23:40   Cache: 0 / 5
2023-01-06 15:31:16   Epoch[02](0/5): current batch triplet loss = 0.0289, average epoch triplet loss = 0.0272
2023-01-06 15:31:16   Cache: 1 / 5
2023-01-06 15:38:39   Epoch[02](1/5): current batch triplet loss = 0.0138, average epoch triplet loss = 0.0263
2023-01-06 15:38:39   Cache: 2 / 5
2023-01-06 15:45:33   Epoch[02](2/5): current batch triplet loss = 0.0595, average epoch triplet loss = 0.0261
2023-01-06 15:45:33   Cache: 3 / 5
2023-01-06 15:52:01   Epoch[02](3/5): current batch triplet loss = 0.0365, average epoch triplet loss = 0.0252
2023-01-06 15:52:01   Cache: 4 / 5
2023-01-06 15:58:17   Epoch[02](4/5): current batch triplet loss = 0.0093, average epoch triplet loss = 0.0245
2023-01-06 15:58:17   Finished epoch 02 in 0:34:36, average epoch triplet loss = 0.0245
2023-01-06 15:58:17   Extracting database features for evaluation/testing
2023-01-06 16:00:39   Extracting queries features for evaluation/testing
2023-01-06 16:02:27   Calculating recalls
2023-01-06 16:02:28   Recalls on val set < BaseDataset, pitts30k - #database: 10000; #queries: 7608 >: R@1: 76.6, R@5: 89.9, R@10: 93.2, R@20: 96.0
2023-01-06 16:02:28   Improved: previous best R@5 = 89.1, current R@5 = 89.9
2023-01-06 16:02:28   Start training epoch: 03
2023-01-06 16:02:28   Cache: 0 / 5
2023-01-06 16:08:41   Epoch[03](0/5): current batch triplet loss = 0.0160, average epoch triplet loss = 0.0208
2023-01-06 16:08:41   Cache: 1 / 5
2023-01-06 16:14:23   Epoch[03](1/5): current batch triplet loss = 0.0382, average epoch triplet loss = 0.0209
2023-01-06 16:14:23   Cache: 2 / 5
2023-01-06 16:20:08   Epoch[03](2/5): current batch triplet loss = 0.0006, average epoch triplet loss = 0.0197
2023-01-06 16:20:08   Cache: 3 / 5
2023-01-06 16:25:49   Epoch[03](3/5): current batch triplet loss = 0.0125, average epoch triplet loss = 0.0194
2023-01-06 16:25:49   Cache: 4 / 5
2023-01-06 16:31:25   Epoch[03](4/5): current batch triplet loss = 0.0441, average epoch triplet loss = 0.0191
2023-01-06 16:31:25   Finished epoch 03 in 0:28:57, average epoch triplet loss = 0.0191
2023-01-06 16:31:25   Extracting database features for evaluation/testing
2023-01-06 16:33:49   Extracting queries features for evaluation/testing
2023-01-06 16:35:37   Calculating recalls
2023-01-06 16:35:38   Recalls on val set < BaseDataset, pitts30k - #database: 10000; #queries: 7608 >: R@1: 77.1, R@5: 90.5, R@10: 93.7, R@20: 96.3
2023-01-06 16:35:38   Improved: previous best R@5 = 89.9, current R@5 = 90.5
2023-01-06 16:35:38   Start training epoch: 04
2023-01-06 16:35:38   Cache: 0 / 5
2023-01-06 16:40:50   Epoch[04](0/5): current batch triplet loss = 0.0117, average epoch triplet loss = 0.0177
2023-01-06 16:40:50   Cache: 1 / 5
2023-01-06 16:46:01   Epoch[04](1/5): current batch triplet loss = 0.0175, average epoch triplet loss = 0.0166
2023-01-06 16:46:01   Cache: 2 / 5
2023-01-06 16:51:13   Epoch[04](2/5): current batch triplet loss = 0.0258, average epoch triplet loss = 0.0161
2023-01-06 16:51:13   Cache: 3 / 5
2023-01-06 16:56:20   Epoch[04](3/5): current batch triplet loss = 0.0116, average epoch triplet loss = 0.0156
2023-01-06 16:56:20   Cache: 4 / 5
2023-01-06 17:01:27   Epoch[04](4/5): current batch triplet loss = 0.0149, average epoch triplet loss = 0.0152
2023-01-06 17:01:27   Finished epoch 04 in 0:25:48, average epoch triplet loss = 0.0152
2023-01-06 17:01:27   Extracting database features for evaluation/testing
2023-01-06 17:03:58   Extracting queries features for evaluation/testing
2023-01-06 17:05:50   Calculating recalls
2023-01-06 17:05:51   Recalls on val set < BaseDataset, pitts30k - #database: 10000; #queries: 7608 >: R@1: 77.3, R@5: 90.6, R@10: 93.9, R@20: 96.4
2023-01-06 17:05:51   Improved: previous best R@5 = 90.5, current R@5 = 90.6
2023-01-06 17:05:51   Start training epoch: 05
2023-01-06 17:05:51   Cache: 0 / 5
2023-01-06 17:10:46   Epoch[05](0/5): current batch triplet loss = 0.0191, average epoch triplet loss = 0.0128
2023-01-06 17:10:46   Cache: 1 / 5
2023-01-06 17:15:39   Epoch[05](1/5): current batch triplet loss = 0.0221, average epoch triplet loss = 0.0121
2023-01-06 17:15:39   Cache: 2 / 5
2023-01-06 17:20:33   Epoch[05](2/5): current batch triplet loss = 0.0089, average epoch triplet loss = 0.0121
2023-01-06 17:20:33   Cache: 3 / 5
2023-01-06 17:25:15   Epoch[05](3/5): current batch triplet loss = 0.0406, average epoch triplet loss = 0.0118
2023-01-06 17:25:15   Cache: 4 / 5
2023-01-06 17:29:54   Epoch[05](4/5): current batch triplet loss = 0.0051, average epoch triplet loss = 0.0117
2023-01-06 17:29:54   Finished epoch 05 in 0:24:02, average epoch triplet loss = 0.0117
2023-01-06 17:29:54   Extracting database features for evaluation/testing
2023-01-06 17:32:21   Extracting queries features for evaluation/testing
2023-01-06 17:34:09   Calculating recalls
2023-01-06 17:34:10   Recalls on val set < BaseDataset, pitts30k - #database: 10000; #queries: 7608 >: R@1: 77.9, R@5: 91.1, R@10: 94.1, R@20: 96.4
2023-01-06 17:34:10   Improved: previous best R@5 = 90.6, current R@5 = 91.1
2023-01-06 17:34:10   Start training epoch: 06
2023-01-06 17:34:10   Cache: 0 / 5
2023-01-06 17:38:54   Epoch[06](0/5): current batch triplet loss = 0.0097, average epoch triplet loss = 0.0109
2023-01-06 17:38:54   Cache: 1 / 5
2023-01-06 17:43:29   Epoch[06](1/5): current batch triplet loss = 0.0000, average epoch triplet loss = 0.0108
2023-01-06 17:43:29   Cache: 2 / 5
2023-01-06 17:48:08   Epoch[06](2/5): current batch triplet loss = 0.0160, average epoch triplet loss = 0.0103
2023-01-06 17:48:08   Cache: 3 / 5
2023-01-06 17:52:45   Epoch[06](3/5): current batch triplet loss = 0.0107, average epoch triplet loss = 0.0099
2023-01-06 17:52:45   Cache: 4 / 5
2023-01-06 17:57:16   Epoch[06](4/5): current batch triplet loss = 0.0090, average epoch triplet loss = 0.0101
2023-01-06 17:57:16   Finished epoch 06 in 0:23:05, average epoch triplet loss = 0.0101
2023-01-06 17:57:16   Extracting database features for evaluation/testing
2023-01-06 17:59:40   Extracting queries features for evaluation/testing
2023-01-06 18:01:35   Calculating recalls
2023-01-06 18:01:36   Recalls on val set < BaseDataset, pitts30k - #database: 10000; #queries: 7608 >: R@1: 77.4, R@5: 90.7, R@10: 93.9, R@20: 96.5
2023-01-06 18:01:37   Not improved: 1 / 3: best R@5 = 91.1, current R@5 = 90.7
2023-01-06 18:01:37   Start training epoch: 07
2023-01-06 18:01:37   Cache: 0 / 5
2023-01-06 18:06:11   Epoch[07](0/5): current batch triplet loss = 0.0187, average epoch triplet loss = 0.0101
2023-01-06 18:06:11   Cache: 1 / 5
2023-01-06 18:10:45   Epoch[07](1/5): current batch triplet loss = 0.0507, average epoch triplet loss = 0.0091
2023-01-06 18:10:45   Cache: 2 / 5
2023-01-06 18:15:13   Epoch[07](2/5): current batch triplet loss = 0.0000, average epoch triplet loss = 0.0089
2023-01-06 18:15:13   Cache: 3 / 5
2023-01-06 18:19:40   Epoch[07](3/5): current batch triplet loss = 0.0124, average epoch triplet loss = 0.0088
2023-01-06 18:19:40   Cache: 4 / 5
2023-01-06 18:24:08   Epoch[07](4/5): current batch triplet loss = 0.0015, average epoch triplet loss = 0.0086
2023-01-06 18:24:08   Finished epoch 07 in 0:22:31, average epoch triplet loss = 0.0086
2023-01-06 18:24:08   Extracting database features for evaluation/testing
2023-01-06 18:26:34   Extracting queries features for evaluation/testing
2023-01-06 18:28:24   Calculating recalls
2023-01-06 18:28:25   Recalls on val set < BaseDataset, pitts30k - #database: 10000; #queries: 7608 >: R@1: 77.9, R@5: 91.2, R@10: 94.4, R@20: 96.7
2023-01-06 18:28:25   Improved: previous best R@5 = 91.1, current R@5 = 91.2
2023-01-06 18:28:25   Start training epoch: 08
2023-01-06 18:28:25   Cache: 0 / 5
2023-01-06 18:32:53   Epoch[08](0/5): current batch triplet loss = 0.0177, average epoch triplet loss = 0.0083
2023-01-06 18:32:53   Cache: 1 / 5
2023-01-06 18:37:22   Epoch[08](1/5): current batch triplet loss = 0.0052, average epoch triplet loss = 0.0079
2023-01-06 18:37:22   Cache: 2 / 5
2023-01-06 18:41:52   Epoch[08](2/5): current batch triplet loss = 0.0034, average epoch triplet loss = 0.0077
2023-01-06 18:41:52   Cache: 3 / 5
2023-01-06 18:46:21   Epoch[08](3/5): current batch triplet loss = 0.0018, average epoch triplet loss = 0.0073
2023-01-06 18:46:21   Cache: 4 / 5
2023-01-06 18:50:48   Epoch[08](4/5): current batch triplet loss = 0.0068, average epoch triplet loss = 0.0073
2023-01-06 18:50:48   Finished epoch 08 in 0:22:22, average epoch triplet loss = 0.0073
2023-01-06 18:50:48   Extracting database features for evaluation/testing
2023-01-06 18:53:14   Extracting queries features for evaluation/testing
2023-01-06 18:55:04   Calculating recalls
2023-01-06 18:55:05   Recalls on val set < BaseDataset, pitts30k - #database: 10000; #queries: 7608 >: R@1: 78.2, R@5: 91.2, R@10: 94.2, R@20: 96.5
2023-01-06 18:55:05   Not improved: 1 / 3: best R@5 = 91.2, current R@5 = 91.2
2023-01-06 18:55:05   Start training epoch: 09
2023-01-06 18:55:05   Cache: 0 / 5
2023-01-06 18:59:33   Epoch[09](0/5): current batch triplet loss = 0.0048, average epoch triplet loss = 0.0054
2023-01-06 18:59:33   Cache: 1 / 5
2023-01-06 19:04:01   Epoch[09](1/5): current batch triplet loss = 0.0037, average epoch triplet loss = 0.0060
2023-01-06 19:04:01   Cache: 2 / 5
2023-01-06 19:08:27   Epoch[09](2/5): current batch triplet loss = 0.0194, average epoch triplet loss = 0.0061
2023-01-06 19:08:27   Cache: 3 / 5
2023-01-06 19:12:54   Epoch[09](3/5): current batch triplet loss = 0.0062, average epoch triplet loss = 0.0060
2023-01-06 19:12:54   Cache: 4 / 5
2023-01-06 19:17:20   Epoch[09](4/5): current batch triplet loss = 0.0004, average epoch triplet loss = 0.0058
2023-01-06 19:17:20   Finished epoch 09 in 0:22:14, average epoch triplet loss = 0.0058
2023-01-06 19:17:20   Extracting database features for evaluation/testing
2023-01-06 19:19:46   Extracting queries features for evaluation/testing
2023-01-06 19:21:36   Calculating recalls
2023-01-06 19:21:37   Recalls on val set < BaseDataset, pitts30k - #database: 10000; #queries: 7608 >: R@1: 78.4, R@5: 90.9, R@10: 94.2, R@20: 96.5
2023-01-06 19:21:37   Not improved: 2 / 3: best R@5 = 91.2, current R@5 = 90.9
2023-01-06 19:21:37   Best R@5: 91.2
2023-01-06 19:21:37   Trained for 10 epochs, in total in 8:11:04
2023-01-06 19:21:37   Extracting database features for evaluation/testing
2023-01-06 19:54:45   
Traceback (most recent call last):
  File "train.py", line 216, in <module>
    recalls, recalls_str = test.test(args, test_ds, model, test_method=args.test_method)
  File "/content/drive/MyDrive/MLDL/deep-visual-geo-localization-benchmark-main/test.py", line 144, in test
  File "/usr/local/lib/python3.8/dist-packages/tqdm/std.py", line 1195, in __iter__
    for obj in iterable:
  File "/usr/local/lib/python3.8/dist-packages/torch/utils/data/dataloader.py", line 628, in __next__
    data = self._next_data()
  File "/usr/local/lib/python3.8/dist-packages/torch/utils/data/dataloader.py", line 1333, in _next_data
    return self._process_data(data)
  File "/usr/local/lib/python3.8/dist-packages/torch/utils/data/dataloader.py", line 1359, in _process_data
    data.reraise()
  File "/usr/local/lib/python3.8/dist-packages/torch/_utils.py", line 543, in reraise
    raise exception
FileNotFoundError: Caught FileNotFoundError in DataLoader worker process 1.
Original Traceback (most recent call last):
  File "/usr/local/lib/python3.8/dist-packages/torch/utils/data/_utils/worker.py", line 302, in _worker_loop
    data = fetcher.fetch(index)
  File "/usr/local/lib/python3.8/dist-packages/torch/utils/data/_utils/fetch.py", line 58, in fetch
    data = [self.dataset[idx] for idx in possibly_batched_index]
  File "/usr/local/lib/python3.8/dist-packages/torch/utils/data/_utils/fetch.py", line 58, in <listcomp>
    data = [self.dataset[idx] for idx in possibly_batched_index]
  File "/usr/local/lib/python3.8/dist-packages/torch/utils/data/dataset.py", line 295, in __getitem__
    return self.dataset[self.indices[idx]]
  File "/content/drive/MyDrive/MLDL/deep-visual-geo-localization-benchmark-main/datasets_ws.py", line 106, in __getitem__
  File "/content/drive/MyDrive/MLDL/deep-visual-geo-localization-benchmark-main/datasets_ws.py", line 25, in path_to_pil_img
  File "/usr/local/lib/python3.8/dist-packages/PIL/Image.py", line 2843, in open
    fp = builtins.open(filename, "rb")
FileNotFoundError: [Errno 2] No such file or directory: '/content/drive/MyDrive/MLDL/datasets_vg/pitts30k/images/test/database/@0584553.43@4476945.19@17@T@040.43885@-080.00304@002709@32@@@@@@pitch2_yaw9@.jpg'


