2023-01-30 13:59:00   Arguments: Namespace(Ensembel=False, aggregation='netvlad', aggregation2='netvlad', backbone='resnet18conv4', brightness=0, cache_refresh_rate=1000, contrast=0, criterion='triplet', dataset_name='pitts30k', datasets_folder='/content/drive/MyDrive/MLDL/datasets_vg', device='cuda', efficient_ram_testing=False, epochs_num=10, fc_output_dim=None, freeze_te=None, horizontal_flip=False, hue=0, infer_batch_size=16, l2='before_pool', lr=0.001, lr_crn_layer=0.005, lr_crn_net=0.0005, majority_weight=0.01, margin=0.1, mining='partial', neg_samples_num=1000, negs_num_per_query=10, netvlad_clusters=64, num_workers=2, off_the_shelf='imagenet', optim='AdamW', patience=3, pca_dataset_folder=None, pca_dim=None, pretrain='imagenet', queries_per_epoch=5000, rand_perspective=0, random_resized_crop=0, random_rotation=0, recall_values=[1, 5, 10, 20], resize=[480, 640], resume=None, resume2=None, saturation=0, save_dir='/content/drive/MyDrive/MLDL/results/AdamW3/2023-01-30_13-58-59', seed=0, test_method='hard_resize', train_batch_size=4, train_positives_dist_threshold=10, trunc_te=None, val_positive_dist_threshold=25, weight_decay=0.01)
2023-01-30 13:59:00   The outputs are being saved in /content/drive/MyDrive/MLDL/results/AdamW3/2023-01-30_13-58-59
2023-01-30 13:59:00   Using 1 GPUs and 2 CPUs
2023-01-30 13:59:00   Loading dataset pitts30k from folder /content/drive/MyDrive/MLDL/datasets_vg
2023-01-30 14:01:55   There are 96 queries without any positives within the training set. They won't be considered as they're useless for training.
2023-01-30 14:01:55   Train query set: < TripletsDataset, pitts30k - #database: 10000; #queries: 7320 >
2023-01-30 14:04:12   Val set: < BaseDataset, pitts30k - #database: 10000; #queries: 7608 >
2023-01-30 14:06:10   Test set: < BaseDataset, pitts30k - #database: 10000; #queries: 6816 >
2023-01-30 14:06:11   Train only conv4_x of the resnetresnet18 (remove conv5_x), freeze the previous ones
2023-01-30 14:06:17   Extracting features to initialize NetVLAD layer
2023-01-30 14:09:34   NetVLAD centroids shape: (64, 256)
2023-01-30 14:09:35   Output dimension of the model is 16384, with 17.27 GFLOPs
2023-01-30 14:09:35   Start training epoch: 00
2023-01-30 14:09:35   Cache: 0 / 5
2023-01-30 14:43:39   Epoch[00](0/5): current batch triplet loss = 0.0206, average epoch triplet loss = 0.0160
2023-01-30 14:43:39   Cache: 1 / 5
2023-01-30 14:58:13   Epoch[00](1/5): current batch triplet loss = 0.0023, average epoch triplet loss = 0.0164
2023-01-30 14:58:13   Cache: 2 / 5
2023-01-30 15:11:12   Epoch[00](2/5): current batch triplet loss = 0.0040, average epoch triplet loss = 0.0161
2023-01-30 15:11:12   Cache: 3 / 5
2023-01-30 15:23:25   Epoch[00](3/5): current batch triplet loss = 0.0056, average epoch triplet loss = 0.0156
2023-01-30 15:23:25   Cache: 4 / 5
2023-01-30 15:34:21   Epoch[00](4/5): current batch triplet loss = 0.0002, average epoch triplet loss = 0.0147
2023-01-30 15:34:21   Finished epoch 00 in 1:24:46, average epoch triplet loss = 0.0147
2023-01-30 15:34:21   Extracting database features for evaluation/testing
2023-01-30 16:29:15   Extracting queries features for evaluation/testing
2023-01-30 17:23:32   Calculating recalls
2023-01-30 17:24:08   Recalls on val set < BaseDataset, pitts30k - #database: 10000; #queries: 7608 >: R@1: 80.1, R@5: 91.7, R@10: 94.7, R@20: 96.7
2023-01-30 17:24:09   Improved: previous best R@5 = 0.0, current R@5 = 91.7
2023-01-30 17:24:09   Start training epoch: 01
2023-01-30 17:24:09   Cache: 0 / 5
2023-01-30 17:34:44   Epoch[01](0/5): current batch triplet loss = 0.0116, average epoch triplet loss = 0.0118
2023-01-30 17:34:44   Cache: 1 / 5
2023-01-30 17:44:46   Epoch[01](1/5): current batch triplet loss = 0.0025, average epoch triplet loss = 0.0116
2023-01-30 17:44:46   Cache: 2 / 5
2023-01-30 17:54:25   Epoch[01](2/5): current batch triplet loss = 0.0112, average epoch triplet loss = 0.0106
2023-01-30 17:54:25   Cache: 3 / 5
2023-01-30 18:03:25   Epoch[01](3/5): current batch triplet loss = 0.0028, average epoch triplet loss = 0.0103
2023-01-30 18:03:25   Cache: 4 / 5
2023-01-30 18:11:45   Epoch[01](4/5): current batch triplet loss = 0.0032, average epoch triplet loss = 0.0099
2023-01-30 18:11:45   Finished epoch 01 in 0:47:36, average epoch triplet loss = 0.0099
2023-01-30 18:11:45   Extracting database features for evaluation/testing
2023-01-30 18:14:10   Extracting queries features for evaluation/testing
2023-01-30 18:16:01   Calculating recalls
2023-01-30 18:16:37   Recalls on val set < BaseDataset, pitts30k - #database: 10000; #queries: 7608 >: R@1: 80.7, R@5: 90.8, R@10: 94.0, R@20: 96.3
2023-01-30 18:16:37   Not improved: 1 / 3: best R@5 = 91.7, current R@5 = 90.8
2023-01-30 18:16:37   Start training epoch: 02
2023-01-30 18:16:37   Cache: 0 / 5
2023-01-30 18:24:37   Epoch[02](0/5): current batch triplet loss = 0.0027, average epoch triplet loss = 0.0090
2023-01-30 18:24:37   Cache: 1 / 5
2023-01-30 18:32:18   Epoch[02](1/5): current batch triplet loss = 0.0000, average epoch triplet loss = 0.0083
2023-01-30 18:32:18   Cache: 2 / 5
2023-01-30 18:39:28   Epoch[02](2/5): current batch triplet loss = 0.0016, average epoch triplet loss = 0.0080
2023-01-30 18:39:28   Cache: 3 / 5
2023-01-30 18:46:28   Epoch[02](3/5): current batch triplet loss = 0.0000, average epoch triplet loss = 0.0076
2023-01-30 18:46:28   Cache: 4 / 5
2023-01-30 18:53:28   Epoch[02](4/5): current batch triplet loss = 0.0032, average epoch triplet loss = 0.0075
2023-01-30 18:53:28   Finished epoch 02 in 0:36:50, average epoch triplet loss = 0.0075
2023-01-30 18:53:28   Extracting database features for evaluation/testing
2023-01-30 18:55:51   Extracting queries features for evaluation/testing
2023-01-30 18:57:43   Calculating recalls
2023-01-30 18:58:19   Recalls on val set < BaseDataset, pitts30k - #database: 10000; #queries: 7608 >: R@1: 79.0, R@5: 90.8, R@10: 93.7, R@20: 96.0
2023-01-30 18:58:19   Not improved: 2 / 3: best R@5 = 91.7, current R@5 = 90.8
2023-01-30 18:58:19   Start training epoch: 03
2023-01-30 18:58:19   Cache: 0 / 5
2023-01-30 19:04:59   Epoch[03](0/5): current batch triplet loss = 0.0069, average epoch triplet loss = 0.0056
2023-01-30 19:04:59   Cache: 1 / 5
2023-01-30 19:11:34   Epoch[03](1/5): current batch triplet loss = 0.0120, average epoch triplet loss = 0.0064
2023-01-30 19:11:34   Cache: 2 / 5
2023-01-30 19:17:53   Epoch[03](2/5): current batch triplet loss = 0.0001, average epoch triplet loss = 0.0065
2023-01-30 19:17:53   Cache: 3 / 5
2023-01-30 19:24:09   Epoch[03](3/5): current batch triplet loss = 0.0107, average epoch triplet loss = 0.0063
2023-01-30 19:24:09   Cache: 4 / 5
2023-01-30 19:30:14   Epoch[03](4/5): current batch triplet loss = 0.0110, average epoch triplet loss = 0.0061
2023-01-30 19:30:14   Finished epoch 03 in 0:31:54, average epoch triplet loss = 0.0061
2023-01-30 19:30:14   Extracting database features for evaluation/testing
2023-01-30 19:32:39   Extracting queries features for evaluation/testing
2023-01-30 19:34:29   Calculating recalls
2023-01-30 19:35:07   Recalls on val set < BaseDataset, pitts30k - #database: 10000; #queries: 7608 >: R@1: 81.4, R@5: 91.9, R@10: 94.7, R@20: 97.0
2023-01-30 19:35:07   Improved: previous best R@5 = 91.7, current R@5 = 91.9
2023-01-30 19:35:07   Start training epoch: 04
2023-01-30 19:35:07   Cache: 0 / 5
2023-01-30 19:41:07   Epoch[04](0/5): current batch triplet loss = 0.0022, average epoch triplet loss = 0.0058
2023-01-30 19:41:07   Cache: 1 / 5
2023-01-30 19:47:00   Epoch[04](1/5): current batch triplet loss = 0.0025, average epoch triplet loss = 0.0057
2023-01-30 19:47:00   Cache: 2 / 5
2023-01-30 19:52:44   Epoch[04](2/5): current batch triplet loss = 0.0050, average epoch triplet loss = 0.0054
2023-01-30 19:52:44   Cache: 3 / 5
2023-01-30 19:58:27   Epoch[04](3/5): current batch triplet loss = 0.0037, average epoch triplet loss = 0.0056
2023-01-30 19:58:27   Cache: 4 / 5
2023-01-30 20:04:05   Epoch[04](4/5): current batch triplet loss = 0.0016, average epoch triplet loss = 0.0055
2023-01-30 20:04:05   Finished epoch 04 in 0:28:58, average epoch triplet loss = 0.0055
2023-01-30 20:04:05   Extracting database features for evaluation/testing
2023-01-30 20:06:31   Extracting queries features for evaluation/testing
2023-01-30 20:08:21   Calculating recalls
2023-01-30 20:08:59   Recalls on val set < BaseDataset, pitts30k - #database: 10000; #queries: 7608 >: R@1: 81.9, R@5: 91.8, R@10: 94.6, R@20: 96.9
2023-01-30 20:08:59   Not improved: 1 / 3: best R@5 = 91.9, current R@5 = 91.8
2023-01-30 20:08:59   Start training epoch: 05
2023-01-30 20:08:59   Cache: 0 / 5
2023-01-30 20:14:33   Epoch[05](0/5): current batch triplet loss = 0.0058, average epoch triplet loss = 0.0054
2023-01-30 20:14:33   Cache: 1 / 5
2023-01-30 20:20:05   Epoch[05](1/5): current batch triplet loss = 0.0053, average epoch triplet loss = 0.0049
2023-01-30 20:20:05   Cache: 2 / 5
2023-01-30 20:25:35   Epoch[05](2/5): current batch triplet loss = 0.0066, average epoch triplet loss = 0.0047
2023-01-30 20:25:35   Cache: 3 / 5
2023-01-30 20:31:03   Epoch[05](3/5): current batch triplet loss = 0.0041, average epoch triplet loss = 0.0043
2023-01-30 20:31:03   Cache: 4 / 5
2023-01-30 20:36:31   Epoch[05](4/5): current batch triplet loss = 0.0000, average epoch triplet loss = 0.0042
2023-01-30 20:36:31   Finished epoch 05 in 0:27:32, average epoch triplet loss = 0.0042
2023-01-30 20:36:31   Extracting database features for evaluation/testing
2023-01-30 20:38:56   Extracting queries features for evaluation/testing
2023-01-30 20:40:46   Calculating recalls
2023-01-30 20:41:22   Recalls on val set < BaseDataset, pitts30k - #database: 10000; #queries: 7608 >: R@1: 81.8, R@5: 92.1, R@10: 94.8, R@20: 96.9
2023-01-30 20:41:22   Improved: previous best R@5 = 91.9, current R@5 = 92.1
2023-01-30 20:41:22   Start training epoch: 06
2023-01-30 20:41:22   Cache: 0 / 5
