2023-01-30 13:59:00   Arguments: Namespace(Ensembel=False, aggregation='netvlad', aggregation2='netvlad', backbone='resnet18conv4', brightness=0, cache_refresh_rate=1000, contrast=0, criterion='triplet', dataset_name='pitts30k', datasets_folder='/content/drive/MyDrive/MLDL/datasets_vg', device='cuda', efficient_ram_testing=False, epochs_num=10, fc_output_dim=None, freeze_te=None, horizontal_flip=False, hue=0, infer_batch_size=16, l2='before_pool', lr=0.001, lr_crn_layer=0.005, lr_crn_net=0.0005, majority_weight=0.01, margin=0.1, mining='partial', neg_samples_num=1000, negs_num_per_query=10, netvlad_clusters=64, num_workers=2, off_the_shelf='imagenet', optim='AdamW', patience=3, pca_dataset_folder=None, pca_dim=None, pretrain='imagenet', queries_per_epoch=5000, rand_perspective=0, random_resized_crop=0, random_rotation=0, recall_values=[1, 5, 10, 20], resize=[480, 640], resume=None, resume2=None, saturation=0, save_dir='/content/drive/MyDrive/MLDL/results/AdamW3/2023-01-30_13-58-59', seed=0, test_method='hard_resize', train_batch_size=4, train_positives_dist_threshold=10, trunc_te=None, val_positive_dist_threshold=25, weight_decay=0.01)
2023-01-30 13:59:00   The outputs are being saved in /content/drive/MyDrive/MLDL/results/AdamW3/2023-01-30_13-58-59
2023-01-30 13:59:00   Using 1 GPUs and 2 CPUs
2023-01-30 14:01:55   There are 96 queries without any positives within the training set. They won't be considered as they're useless for training.
2023-01-30 14:01:55   Train query set: < TripletsDataset, pitts30k - #database: 10000; #queries: 7320 >
2023-01-30 14:04:12   Val set: < BaseDataset, pitts30k - #database: 10000; #queries: 7608 >
2023-01-30 14:06:10   Test set: < BaseDataset, pitts30k - #database: 10000; #queries: 6816 >
2023-01-30 14:09:35   Output dimension of the model is 16384, with 17.27 GFLOPs
2023-01-30 14:09:35   Start training epoch: 00
2023-01-30 15:34:21   Finished epoch 00 in 1:24:46, average epoch triplet loss = 0.0147
2023-01-30 17:24:08   Recalls on val set < BaseDataset, pitts30k - #database: 10000; #queries: 7608 >: R@1: 80.1, R@5: 91.7, R@10: 94.7, R@20: 96.7
2023-01-30 17:24:09   Improved: previous best R@5 = 0.0, current R@5 = 91.7
2023-01-30 17:24:09   Start training epoch: 01
2023-01-30 18:11:45   Finished epoch 01 in 0:47:36, average epoch triplet loss = 0.0099
2023-01-30 18:16:37   Recalls on val set < BaseDataset, pitts30k - #database: 10000; #queries: 7608 >: R@1: 80.7, R@5: 90.8, R@10: 94.0, R@20: 96.3
2023-01-30 18:16:37   Not improved: 1 / 3: best R@5 = 91.7, current R@5 = 90.8
2023-01-30 18:16:37   Start training epoch: 02
2023-01-30 18:53:28   Finished epoch 02 in 0:36:50, average epoch triplet loss = 0.0075
2023-01-30 18:58:19   Recalls on val set < BaseDataset, pitts30k - #database: 10000; #queries: 7608 >: R@1: 79.0, R@5: 90.8, R@10: 93.7, R@20: 96.0
2023-01-30 18:58:19   Not improved: 2 / 3: best R@5 = 91.7, current R@5 = 90.8
2023-01-30 18:58:19   Start training epoch: 03
2023-01-30 19:30:14   Finished epoch 03 in 0:31:54, average epoch triplet loss = 0.0061
2023-01-30 19:35:07   Recalls on val set < BaseDataset, pitts30k - #database: 10000; #queries: 7608 >: R@1: 81.4, R@5: 91.9, R@10: 94.7, R@20: 97.0
2023-01-30 19:35:07   Improved: previous best R@5 = 91.7, current R@5 = 91.9
2023-01-30 19:35:07   Start training epoch: 04
2023-01-30 20:04:05   Finished epoch 04 in 0:28:58, average epoch triplet loss = 0.0055
2023-01-30 20:08:59   Recalls on val set < BaseDataset, pitts30k - #database: 10000; #queries: 7608 >: R@1: 81.9, R@5: 91.8, R@10: 94.6, R@20: 96.9
2023-01-30 20:08:59   Not improved: 1 / 3: best R@5 = 91.9, current R@5 = 91.8
2023-01-30 20:08:59   Start training epoch: 05
2023-01-30 20:36:31   Finished epoch 05 in 0:27:32, average epoch triplet loss = 0.0042
2023-01-30 20:41:22   Recalls on val set < BaseDataset, pitts30k - #database: 10000; #queries: 7608 >: R@1: 81.8, R@5: 92.1, R@10: 94.8, R@20: 96.9
2023-01-30 20:41:22   Improved: previous best R@5 = 91.9, current R@5 = 92.1
2023-01-30 20:41:22   Start training epoch: 06
