2023-01-29 19:26:12   Arguments: Namespace(Ensembel=False, aggregation='netvlad', aggregation2='netvlad', backbone='resnet18conv4', brightness=0, cache_refresh_rate=1000, contrast=0, criterion='triplet', dataset_name='pitts30k', datasets_folder='/content/drive/MyDrive/MLDL/datasets_vg', device='cuda', efficient_ram_testing=False, epochs_num=10, fc_output_dim=None, freeze_te=None, horizontal_flip=False, hue=0, infer_batch_size=16, l2='before_pool', lr=0.001, lr_crn_layer=0.005, lr_crn_net=0.0005, majority_weight=0.01, margin=0.1, mining='partial', neg_samples_num=1000, negs_num_per_query=10, netvlad_clusters=64, num_workers=2, off_the_shelf='imagenet', optim='AdamW', patience=3, pca_dataset_folder=None, pca_dim=None, pretrain='imagenet', queries_per_epoch=5000, rand_perspective=0, random_resized_crop=0, random_rotation=0, recall_values=[1, 5, 10, 20], resize=[480, 640], resume=None, resume2=None, saturation=0, save_dir='/content/drive/MyDrive/MLDL/results/AdamW3/2023-01-29_19-26-11', seed=0, test_method='hard_resize', train_batch_size=4, train_positives_dist_threshold=10, trunc_te=None, val_positive_dist_threshold=25, weight_decay=0.01)
2023-01-29 19:26:12   The outputs are being saved in /content/drive/MyDrive/MLDL/results/AdamW3/2023-01-29_19-26-11
2023-01-29 19:26:12   Using 1 GPUs and 2 CPUs
2023-01-29 19:26:12   Loading dataset pitts30k from folder /content/drive/MyDrive/MLDL/datasets_vg
2023-01-29 19:27:58   There are 96 queries without any positives within the training set. They won't be considered as they're useless for training.
2023-01-29 19:27:58   Train query set: < TripletsDataset, pitts30k - #database: 10000; #queries: 7320 >
2023-01-29 19:29:27   Val set: < BaseDataset, pitts30k - #database: 10000; #queries: 7608 >
2023-01-29 19:31:04   Test set: < BaseDataset, pitts30k - #database: 10000; #queries: 6816 >
2023-01-29 19:31:05   Train only conv4_x of the resnetresnet18 (remove conv5_x), freeze the previous ones
2023-01-29 19:31:11   Extracting features to initialize NetVLAD layer
2023-01-29 19:32:19   NetVLAD centroids shape: (64, 256)
2023-01-29 19:32:19   Output dimension of the model is 16384, with 17.27 GFLOPs
2023-01-29 19:32:19   Start training epoch: 00
2023-01-29 19:32:19   Cache: 0 / 5
2023-01-29 19:48:35   Epoch[00](0/5): current batch triplet loss = 0.0106, average epoch triplet loss = 0.0157
2023-01-29 19:48:35   Cache: 1 / 5
2023-01-29 19:56:32   Epoch[00](1/5): current batch triplet loss = 0.0036, average epoch triplet loss = 0.0156
2023-01-29 19:56:32   Cache: 2 / 5
2023-01-29 20:03:40   Epoch[00](2/5): current batch triplet loss = 0.0058, average epoch triplet loss = 0.0155
2023-01-29 20:03:40   Cache: 3 / 5
2023-01-29 20:10:35   Epoch[00](3/5): current batch triplet loss = 0.0247, average epoch triplet loss = 0.0150
2023-01-29 20:10:35   Cache: 4 / 5
2023-01-29 20:17:01   Epoch[00](4/5): current batch triplet loss = 0.0000, average epoch triplet loss = 0.0144
2023-01-29 20:17:01   Finished epoch 00 in 0:44:41, average epoch triplet loss = 0.0144
2023-01-29 20:17:01   Extracting database features for evaluation/testing
2023-01-29 20:43:22   Extracting queries features for evaluation/testing
2023-01-29 20:58:13   Calculating recalls
2023-01-29 20:58:46   Recalls on val set < BaseDataset, pitts30k - #database: 10000; #queries: 7608 >: R@1: 79.5, R@5: 91.0, R@10: 94.3, R@20: 96.4
2023-01-29 20:58:46   Improved: previous best R@5 = 0.0, current R@5 = 91.0
2023-01-29 20:58:46   Start training epoch: 01
2023-01-29 20:58:46   Cache: 0 / 5
2023-01-29 20:59:09   
Traceback (most recent call last):
  File "train.py", line 123, in <module>
    triplets_ds.compute_triplets(args, model)
  File "/content/drive/MyDrive/MLDL/deep-visual-geo-localization-benchmark-main/datasets_ws.py", line 248, in compute_triplets
    self.compute_triplets_partial(args, model)
  File "/content/drive/MyDrive/MLDL/deep-visual-geo-localization-benchmark-main/datasets_ws.py", line 372, in compute_triplets_partial
    cache = self.compute_cache(args, model, subset_ds, cache_shape=(len(self), args.features_dim))
  File "/content/drive/MyDrive/MLDL/deep-visual-geo-localization-benchmark-main/datasets_ws.py", line 268, in compute_cache
    cache[indexes.numpy()] = features.cpu().numpy()
KeyboardInterrupt

