2023-02-02 13:43:15   Arguments: Namespace(Ensembel=False, aggregation='netvlad', aggregation2='netvlad', backbone='resnet18conv4', brightness=0, cache_refresh_rate=1000, contrast=0, criterion='triplet', dataset_name='pitts30k', datasets_folder='/content', device='cuda', efficient_ram_testing=False, epochs_num=10, fc_output_dim=None, freeze_te=None, horizontal_flip=False, hue=0, infer_batch_size=16, l2='before_pool', lr=1e-05, lr_crn_layer=0.005, lr_crn_net=0.0005, majority_weight=0.01, margin=0.1, mining='partial', neg_samples_num=1000, negs_num_per_query=10, netvlad_clusters=64, num_workers=2, off_the_shelf='imagenet', optim='adam', patience=3, pca_dataset_folder=None, pca_dim=None, pretrain='imagenet', queries_per_epoch=5000, rand_perspective=0, random_resized_crop=0, random_rotation=0, recall_values=[1, 5, 10, 20], resize=[480, 640], resume=None, resume2=None, saturation=0, save_dir='/content/drive/MyDrive/MLDL/results/synthetic_data3/2023-02-02_13-43-13', seed=0, test_method='hard_resize', train_batch_size=4, train_positives_dist_threshold=10, trunc_te=None, val_positive_dist_threshold=25, weight_decay=0.01)
2023-02-02 13:43:15   The outputs are being saved in /content/drive/MyDrive/MLDL/results/synthetic_data3/2023-02-02_13-43-13
2023-02-02 13:43:15   Using 1 GPUs and 2 CPUs
2023-02-02 13:43:15   There are 113 queries without any positives within the training set. They won't be considered as they're useless for training.
2023-02-02 13:43:15   Train query set: < TripletsDataset, pitts30k - #database: 10000; #queries: 8648 >
2023-02-02 13:43:15   Val set: < BaseDataset, pitts30k - #database: 10000; #queries: 7608 >
2023-02-02 13:43:16   Test set: < BaseDataset, pitts30k - #database: 10000; #queries: 6816 >
2023-02-02 13:43:40   Output dimension of the model is 16384, with 17.27 GFLOPs
2023-02-02 13:43:40   Start training epoch: 00
2023-02-02 14:08:11   Finished epoch 00 in 0:24:31, average epoch triplet loss = 0.0386
2023-02-02 14:12:40   Recalls on val set < BaseDataset, pitts30k - #database: 10000; #queries: 7608 >: R@1: 84.3, R@5: 93.9, R@10: 96.3, R@20: 97.8
2023-02-02 14:12:40   Improved: previous best R@5 = 0.0, current R@5 = 93.9
2023-02-02 14:12:40   Start training epoch: 01
2023-02-02 14:37:06   Finished epoch 01 in 0:24:26, average epoch triplet loss = 0.0294
2023-02-02 14:41:22   Recalls on val set < BaseDataset, pitts30k - #database: 10000; #queries: 7608 >: R@1: 85.8, R@5: 94.5, R@10: 96.4, R@20: 97.8
2023-02-02 14:41:23   Improved: previous best R@5 = 93.9, current R@5 = 94.5
2023-02-02 14:41:23   Start training epoch: 02
2023-02-02 15:05:51   Finished epoch 02 in 0:24:28, average epoch triplet loss = 0.0252
2023-02-02 15:10:09   Recalls on val set < BaseDataset, pitts30k - #database: 10000; #queries: 7608 >: R@1: 86.4, R@5: 95.0, R@10: 97.0, R@20: 97.9
2023-02-02 15:10:09   Improved: previous best R@5 = 94.5, current R@5 = 95.0
2023-02-02 15:10:09   Start training epoch: 03
2023-02-02 15:34:22   Finished epoch 03 in 0:24:13, average epoch triplet loss = 0.0223
2023-02-02 15:38:39   Recalls on val set < BaseDataset, pitts30k - #database: 10000; #queries: 7608 >: R@1: 86.9, R@5: 95.2, R@10: 97.1, R@20: 98.2
2023-02-02 15:38:39   Improved: previous best R@5 = 95.0, current R@5 = 95.2
2023-02-02 15:38:39   Start training epoch: 04
2023-02-02 16:03:01   Finished epoch 04 in 0:24:21, average epoch triplet loss = 0.0185
2023-02-02 16:07:24   Recalls on val set < BaseDataset, pitts30k - #database: 10000; #queries: 7608 >: R@1: 87.2, R@5: 95.5, R@10: 97.0, R@20: 98.0
2023-02-02 16:07:24   Improved: previous best R@5 = 95.2, current R@5 = 95.5
2023-02-02 16:07:24   Start training epoch: 05
2023-02-02 16:31:45   Finished epoch 05 in 0:24:21, average epoch triplet loss = 0.0173
2023-02-02 16:36:03   Recalls on val set < BaseDataset, pitts30k - #database: 10000; #queries: 7608 >: R@1: 87.0, R@5: 95.5, R@10: 97.1, R@20: 98.0
2023-02-02 16:36:03   Not improved: 1 / 3: best R@5 = 95.5, current R@5 = 95.5
2023-02-02 16:36:03   Start training epoch: 06
2023-02-02 17:00:27   Finished epoch 06 in 0:24:23, average epoch triplet loss = 0.0156
2023-02-02 17:04:48   Recalls on val set < BaseDataset, pitts30k - #database: 10000; #queries: 7608 >: R@1: 87.6, R@5: 95.8, R@10: 97.2, R@20: 98.0
2023-02-02 17:04:48   Improved: previous best R@5 = 95.5, current R@5 = 95.8
2023-02-02 17:04:48   Start training epoch: 07
2023-02-02 17:29:07   Finished epoch 07 in 0:24:18, average epoch triplet loss = 0.0133
2023-02-02 17:33:29   Recalls on val set < BaseDataset, pitts30k - #database: 10000; #queries: 7608 >: R@1: 87.8, R@5: 95.7, R@10: 97.2, R@20: 98.2
2023-02-02 17:33:29   Not improved: 1 / 3: best R@5 = 95.8, current R@5 = 95.7
2023-02-02 17:33:29   Start training epoch: 08
2023-02-02 17:57:45   Finished epoch 08 in 0:24:16, average epoch triplet loss = 0.0119
2023-02-02 18:02:04   Recalls on val set < BaseDataset, pitts30k - #database: 10000; #queries: 7608 >: R@1: 87.6, R@5: 95.5, R@10: 97.0, R@20: 98.2
2023-02-02 18:02:04   Not improved: 2 / 3: best R@5 = 95.8, current R@5 = 95.5
2023-02-02 18:02:04   Start training epoch: 09
2023-02-02 18:26:21   Finished epoch 09 in 0:24:16, average epoch triplet loss = 0.0113
2023-02-02 18:30:39   Recalls on val set < BaseDataset, pitts30k - #database: 10000; #queries: 7608 >: R@1: 87.6, R@5: 95.5, R@10: 97.1, R@20: 98.2
2023-02-02 18:30:39   Not improved: 3 / 3: best R@5 = 95.8, current R@5 = 95.5
2023-02-02 18:30:39   Performance did not improve for 3 epochs. Stop training.
2023-02-02 18:30:39   Best R@5: 95.8
2023-02-02 18:30:39   Trained for 10 epochs, in total in 4:47:25
2023-02-02 18:34:47   Recalls on < BaseDataset, pitts30k - #database: 10000; #queries: 6816 >: R@1: 84.9, R@5: 92.5, R@10: 94.6, R@20: 95.9
